<?xml version="1.0" encoding="UTF-8"?>
<testng-results skipped="0" failed="9" total="70" passed="61">
  <reporter-output>
    <line>
      <![CDATA[About to begin executing Suite Suite]]>
    </line>
    <line>
      <![CDATA[About to begin executing following method : BaseEngine.openBrowser]]>
    </line>
    <line>
      <![CDATA[Completed executing following method : BaseEngine.openBrowser]]>
    </line>
    <line>
      <![CDATA[About to begin executing Test Test]]>
    </line>
    <line>
      <![CDATA[About to begin executing following method : BaseEngine.intialiseReports]]>
    </line>
    <line>
      <![CDATA[Completed executing following method : BaseEngine.intialiseReports]]>
    </line>
    <line>
      <![CDATA[About to begin executing following method : BaseEngine.beforeMethodExecution]]>
    </line>
    <line>
      <![CDATA[Completed executing following method : BaseEngine.beforeMethodExecution]]>
    </line>
    <line>
      <![CDATA[About to begin executing following method : URLBrowserTest.verifyBrowserOpen]]>
    </line>
    <line>
      <![CDATA[Completed executing following method : URLBrowserTest.verifyBrowserOpen]]>
    </line>
    <line>
      <![CDATA[Test Method resides in com.focus.testcases.URLBrowserTest]]>
    </line>
    <line>
      <![CDATA[Test Status: Pass]]>
    </line>
    <line>
      <![CDATA[About to begin executing following method : BaseEngine.afterMethodExecution]]>
    </line>
    <line>
      <![CDATA[Completed executing following method : BaseEngine.afterMethodExecution]]>
    </line>
    <line>
      <![CDATA[About to begin executing following method : BaseEngine.beforeMethodExecution]]>
    </line>
    <line>
      <![CDATA[Completed executing following method : BaseEngine.beforeMethodExecution]]>
    </line>
    <line>
      <![CDATA[About to begin executing following method : URLBrowserTest.checkLoginPageTitleByURLInputInBrowser]]>
    </line>
    <line>
      <![CDATA[Completed executing following method : URLBrowserTest.checkLoginPageTitleByURLInputInBrowser]]>
    </line>
    <line>
      <![CDATA[Test Method resides in com.focus.testcases.URLBrowserTest]]>
    </line>
    <line>
      <![CDATA[Test Status: Pass]]>
    </line>
    <line>
      <![CDATA[About to begin executing following method : BaseEngine.afterMethodExecution]]>
    </line>
    <line>
      <![CDATA[Completed executing following method : BaseEngine.afterMethodExecution]]>
    </line>
    <line>
      <![CDATA[About to begin executing following method : BaseEngine.beforeMethodExecution]]>
    </line>
    <line>
      <![CDATA[Completed executing following method : BaseEngine.beforeMethodExecution]]>
    </line>
    <line>
      <![CDATA[About to begin executing following method : LoginPageTest.checkLoginPageAvailablityOfFields]]>
    </line>
    <line>
      <![CDATA[Completed executing following method : LoginPageTest.checkLoginPageAvailablityOfFields]]>
    </line>
    <line>
      <![CDATA[Test Method resides in com.focus.testcases.LoginPageTest]]>
    </line>
    <line>
      <![CDATA[Test Status: Pass]]>
    </line>
    <line>
      <![CDATA[About to begin executing following method : BaseEngine.afterMethodExecution]]>
    </line>
    <line>
      <![CDATA[Completed executing following method : BaseEngine.afterMethodExecution]]>
    </line>
    <line>
      <![CDATA[About to begin executing following method : BaseEngine.beforeMethodExecution]]>
    </line>
    <line>
      <![CDATA[Completed executing following method : BaseEngine.beforeMethodExecution]]>
    </line>
    <line>
      <![CDATA[About to begin executing following method : LoginPageTest.checkCompanyTextDisplayInCompanyListDropdown]]>
    </line>
    <line>
      <![CDATA[Completed executing following method : LoginPageTest.checkCompanyTextDisplayInCompanyListDropdown]]>
    </line>
    <line>
      <![CDATA[Test Method resides in com.focus.testcases.LoginPageTest]]>
    </line>
    <line>
      <![CDATA[Test Status: Pass]]>
    </line>
    <line>
      <![CDATA[About to begin executing following method : BaseEngine.afterMethodExecution]]>
    </line>
    <line>
      <![CDATA[Completed executing following method : BaseEngine.afterMethodExecution]]>
    </line>
    <line>
      <![CDATA[About to begin executing following method : BaseEngine.beforeMethodExecution]]>
    </line>
    <line>
      <![CDATA[Completed executing following method : BaseEngine.beforeMethodExecution]]>
    </line>
    <line>
      <![CDATA[About to begin executing following method : LoginPageTest.checkSignInBtnWithValidUserNameAndValidPassword]]>
    </line>
    <line>
      <![CDATA[Completed executing following method : LoginPageTest.checkSignInBtnWithValidUserNameAndValidPassword]]>
    </line>
    <line>
      <![CDATA[Test Method resides in com.focus.testcases.LoginPageTest]]>
    </line>
    <line>
      <![CDATA[Test Status: Pass]]>
    </line>
    <line>
      <![CDATA[About to begin executing following method : BaseEngine.afterMethodExecution]]>
    </line>
    <line>
      <![CDATA[Completed executing following method : BaseEngine.afterMethodExecution]]>
    </line>
    <line>
      <![CDATA[About to begin executing following method : BaseEngine.beforeMethodExecution]]>
    </line>
    <line>
      <![CDATA[Completed executing following method : BaseEngine.beforeMethodExecution]]>
    </line>
    <line>
      <![CDATA[About to begin executing following method : LoginPageTest.checkUserNameInfoInHomePage]]>
    </line>
    <line>
      <![CDATA[Completed executing following method : LoginPageTest.checkUserNameInfoInHomePage]]>
    </line>
    <line>
      <![CDATA[Test Method resides in com.focus.testcases.LoginPageTest]]>
    </line>
    <line>
      <![CDATA[Test Status: Pass]]>
    </line>
    <line>
      <![CDATA[About to begin executing following method : BaseEngine.afterMethodExecution]]>
    </line>
    <line>
      <![CDATA[Completed executing following method : BaseEngine.afterMethodExecution]]>
    </line>
    <line>
      <![CDATA[About to begin executing following method : BaseEngine.beforeMethodExecution]]>
    </line>
    <line>
      <![CDATA[Completed executing following method : BaseEngine.beforeMethodExecution]]>
    </line>
    <line>
      <![CDATA[About to begin executing following method : MasterPreloadTest.checkCreatingCostCenterWithStockCostCenter]]>
    </line>
    <line>
      <![CDATA[Completed executing following method : MasterPreloadTest.checkCreatingCostCenterWithStockCostCenter]]>
    </line>
    <line>
      <![CDATA[Test Method resides in com.focus.testcases.MasterPreloadTest]]>
    </line>
    <line>
      <![CDATA[Test Status: Pass]]>
    </line>
    <line>
      <![CDATA[About to begin executing following method : BaseEngine.afterMethodExecution]]>
    </line>
    <line>
      <![CDATA[Completed executing following method : BaseEngine.afterMethodExecution]]>
    </line>
    <line>
      <![CDATA[About to begin executing following method : BaseEngine.beforeMethodExecution]]>
    </line>
    <line>
      <![CDATA[Completed executing following method : BaseEngine.beforeMethodExecution]]>
    </line>
    <line>
      <![CDATA[About to begin executing following method : MasterPreloadTest.checkCreatingCostCenterWithSTDRateCostCenter]]>
    </line>
    <line>
      <![CDATA[Completed executing following method : MasterPreloadTest.checkCreatingCostCenterWithSTDRateCostCenter]]>
    </line>
    <line>
      <![CDATA[Test Method resides in com.focus.testcases.MasterPreloadTest]]>
    </line>
    <line>
      <![CDATA[Test Status: Pass]]>
    </line>
    <line>
      <![CDATA[About to begin executing following method : BaseEngine.afterMethodExecution]]>
    </line>
    <line>
      <![CDATA[Completed executing following method : BaseEngine.afterMethodExecution]]>
    </line>
    <line>
      <![CDATA[About to begin executing following method : BaseEngine.beforeMethodExecution]]>
    </line>
    <line>
      <![CDATA[Completed executing following method : BaseEngine.beforeMethodExecution]]>
    </line>
    <line>
      <![CDATA[About to begin executing following method : MasterPreloadTest.checkAddingExtraFieldInGeneralTabAsCostCenter]]>
    </line>
    <line>
      <![CDATA[Completed executing following method : MasterPreloadTest.checkAddingExtraFieldInGeneralTabAsCostCenter]]>
    </line>
    <line>
      <![CDATA[Test Method resides in com.focus.testcases.MasterPreloadTest]]>
    </line>
    <line>
      <![CDATA[Test Status: Pass]]>
    </line>
    <line>
      <![CDATA[About to begin executing following method : BaseEngine.afterMethodExecution]]>
    </line>
    <line>
      <![CDATA[Completed executing following method : BaseEngine.afterMethodExecution]]>
    </line>
    <line>
      <![CDATA[About to begin executing following method : BaseEngine.beforeMethodExecution]]>
    </line>
    <line>
      <![CDATA[Completed executing following method : BaseEngine.beforeMethodExecution]]>
    </line>
    <line>
      <![CDATA[About to begin executing following method : MasterPreloadTest.checkAssigningCostCenterToStockItem]]>
    </line>
    <line>
      <![CDATA[Completed executing following method : MasterPreloadTest.checkAssigningCostCenterToStockItem]]>
    </line>
    <line>
      <![CDATA[Test Method resides in com.focus.testcases.MasterPreloadTest]]>
    </line>
    <line>
      <![CDATA[Test Status: Pass]]>
    </line>
    <line>
      <![CDATA[About to begin executing following method : BaseEngine.afterMethodExecution]]>
    </line>
    <line>
      <![CDATA[Completed executing following method : BaseEngine.afterMethodExecution]]>
    </line>
    <line>
      <![CDATA[About to begin executing following method : BaseEngine.beforeMethodExecution]]>
    </line>
    <line>
      <![CDATA[Completed executing following method : BaseEngine.beforeMethodExecution]]>
    </line>
    <line>
      <![CDATA[About to begin executing following method : MasterPreloadTest.checkAssigningCostCenterToSTDRateItem]]>
    </line>
    <line>
      <![CDATA[Completed executing following method : MasterPreloadTest.checkAssigningCostCenterToSTDRateItem]]>
    </line>
    <line>
      <![CDATA[Test Method resides in com.focus.testcases.MasterPreloadTest]]>
    </line>
    <line>
      <![CDATA[Test Status: Pass]]>
    </line>
    <line>
      <![CDATA[About to begin executing following method : BaseEngine.afterMethodExecution]]>
    </line>
    <line>
      <![CDATA[Completed executing following method : BaseEngine.afterMethodExecution]]>
    </line>
    <line>
      <![CDATA[About to begin executing following method : BaseEngine.beforeMethodExecution]]>
    </line>
    <line>
      <![CDATA[Completed executing following method : BaseEngine.beforeMethodExecution]]>
    </line>
    <line>
      <![CDATA[About to begin executing following method : MasterPreloadTest.checkAddingFieldsInEditLayoutBodyTabAsCostCenterBodyInPurchaseVoucher]]>
    </line>
    <line>
      <![CDATA[Completed executing following method : MasterPreloadTest.checkAddingFieldsInEditLayoutBodyTabAsCostCenterBodyInPurchaseVoucher]]>
    </line>
    <line>
      <![CDATA[Test Method resides in com.focus.testcases.MasterPreloadTest]]>
    </line>
    <line>
      <![CDATA[Test Status: Pass]]>
    </line>
    <line>
      <![CDATA[About to begin executing following method : BaseEngine.afterMethodExecution]]>
    </line>
    <line>
      <![CDATA[Completed executing following method : BaseEngine.afterMethodExecution]]>
    </line>
    <line>
      <![CDATA[About to begin executing following method : BaseEngine.beforeMethodExecution]]>
    </line>
    <line>
      <![CDATA[Completed executing following method : BaseEngine.beforeMethodExecution]]>
    </line>
    <line>
      <![CDATA[About to begin executing following method : MasterPreloadTest.CheckSavingPurchaseVoucherVATWithStockItemAndSTDRateItem]]>
    </line>
    <line>
      <![CDATA[Completed executing following method : MasterPreloadTest.CheckSavingPurchaseVoucherVATWithStockItemAndSTDRateItem]]>
    </line>
    <line>
      <![CDATA[Test Method resides in com.focus.testcases.MasterPreloadTest]]>
    </line>
    <line>
      <![CDATA[Test Status: Failed]]>
    </line>
    <line>
      <![CDATA[About to begin executing following method : BaseEngine.afterMethodExecution]]>
    </line>
    <line>
      <![CDATA[Completed executing following method : BaseEngine.afterMethodExecution]]>
    </line>
    <line>
      <![CDATA[About to begin executing following method : BaseEngine.beforeMethodExecution]]>
    </line>
    <line>
      <![CDATA[Completed executing following method : BaseEngine.beforeMethodExecution]]>
    </line>
    <line>
      <![CDATA[About to begin executing following method : MasterPreloadTest.CheckCostCenterInSavedVoucherWithStockItemAndSTDRateItem]]>
    </line>
    <line>
      <![CDATA[Completed executing following method : MasterPreloadTest.CheckCostCenterInSavedVoucherWithStockItemAndSTDRateItem]]>
    </line>
    <line>
      <![CDATA[Test Method resides in com.focus.testcases.MasterPreloadTest]]>
    </line>
    <line>
      <![CDATA[Test Status: Pass]]>
    </line>
    <line>
      <![CDATA[About to begin executing following method : BaseEngine.afterMethodExecution]]>
    </line>
    <line>
      <![CDATA[Completed executing following method : BaseEngine.afterMethodExecution]]>
    </line>
    <line>
      <![CDATA[About to begin executing following method : BaseEngine.beforeMethodExecution]]>
    </line>
    <line>
      <![CDATA[Completed executing following method : BaseEngine.beforeMethodExecution]]>
    </line>
    <line>
      <![CDATA[About to begin executing following method : MasterPreloadTest.CheckEditingPurchaseVoucherVAT1WithStockItemAndSTDRateItem]]>
    </line>
    <line>
      <![CDATA[Completed executing following method : MasterPreloadTest.CheckEditingPurchaseVoucherVAT1WithStockItemAndSTDRateItem]]>
    </line>
    <line>
      <![CDATA[Test Method resides in com.focus.testcases.MasterPreloadTest]]>
    </line>
    <line>
      <![CDATA[Test Status: Failed]]>
    </line>
    <line>
      <![CDATA[About to begin executing following method : BaseEngine.afterMethodExecution]]>
    </line>
    <line>
      <![CDATA[Completed executing following method : BaseEngine.afterMethodExecution]]>
    </line>
    <line>
      <![CDATA[About to begin executing following method : BaseEngine.beforeMethodExecution]]>
    </line>
    <line>
      <![CDATA[Completed executing following method : BaseEngine.beforeMethodExecution]]>
    </line>
    <line>
      <![CDATA[About to begin executing following method : MasterPreloadTest.checkSavedPVVATAfterEditingVoucher]]>
    </line>
    <line>
      <![CDATA[Completed executing following method : MasterPreloadTest.checkSavedPVVATAfterEditingVoucher]]>
    </line>
    <line>
      <![CDATA[Test Method resides in com.focus.testcases.MasterPreloadTest]]>
    </line>
    <line>
      <![CDATA[Test Status: Pass]]>
    </line>
    <line>
      <![CDATA[About to begin executing following method : BaseEngine.afterMethodExecution]]>
    </line>
    <line>
      <![CDATA[Completed executing following method : BaseEngine.afterMethodExecution]]>
    </line>
    <line>
      <![CDATA[About to begin executing following method : BaseEngine.beforeMethodExecution]]>
    </line>
    <line>
      <![CDATA[Completed executing following method : BaseEngine.beforeMethodExecution]]>
    </line>
    <line>
      <![CDATA[About to begin executing following method : MasterPreloadTest.checkUpdatingItemRateCannotBeBelowCostForSalesInvoiceVAT]]>
    </line>
    <line>
      <![CDATA[Completed executing following method : MasterPreloadTest.checkUpdatingItemRateCannotBeBelowCostForSalesInvoiceVAT]]>
    </line>
    <line>
      <![CDATA[Test Method resides in com.focus.testcases.MasterPreloadTest]]>
    </line>
    <line>
      <![CDATA[Test Status: Pass]]>
    </line>
    <line>
      <![CDATA[About to begin executing following method : BaseEngine.afterMethodExecution]]>
    </line>
    <line>
      <![CDATA[Completed executing following method : BaseEngine.afterMethodExecution]]>
    </line>
    <line>
      <![CDATA[About to begin executing following method : BaseEngine.beforeMethodExecution]]>
    </line>
    <line>
      <![CDATA[Completed executing following method : BaseEngine.beforeMethodExecution]]>
    </line>
    <line>
      <![CDATA[About to begin executing following method : MasterPreloadTest.checkValidatingCannotBeBelowCostDropdownAndSavingVoucher]]>
    </line>
    <line>
      <![CDATA[Completed executing following method : MasterPreloadTest.checkValidatingCannotBeBelowCostDropdownAndSavingVoucher]]>
    </line>
    <line>
      <![CDATA[Test Method resides in com.focus.testcases.MasterPreloadTest]]>
    </line>
    <line>
      <![CDATA[Test Status: Pass]]>
    </line>
    <line>
      <![CDATA[About to begin executing following method : BaseEngine.afterMethodExecution]]>
    </line>
    <line>
      <![CDATA[Completed executing following method : BaseEngine.afterMethodExecution]]>
    </line>
    <line>
      <![CDATA[About to begin executing following method : BaseEngine.beforeMethodExecution]]>
    </line>
    <line>
      <![CDATA[Completed executing following method : BaseEngine.beforeMethodExecution]]>
    </line>
    <line>
      <![CDATA[About to begin executing following method : MasterPreloadTest.checkUpdatingItemRateCannotBeChangedForSalesInvoiceVAT]]>
    </line>
    <line>
      <![CDATA[Completed executing following method : MasterPreloadTest.checkUpdatingItemRateCannotBeChangedForSalesInvoiceVAT]]>
    </line>
    <line>
      <![CDATA[Test Method resides in com.focus.testcases.MasterPreloadTest]]>
    </line>
    <line>
      <![CDATA[Test Status: Pass]]>
    </line>
    <line>
      <![CDATA[About to begin executing following method : BaseEngine.afterMethodExecution]]>
    </line>
    <line>
      <![CDATA[Completed executing following method : BaseEngine.afterMethodExecution]]>
    </line>
    <line>
      <![CDATA[About to begin executing following method : BaseEngine.beforeMethodExecution]]>
    </line>
    <line>
      <![CDATA[Completed executing following method : BaseEngine.beforeMethodExecution]]>
    </line>
    <line>
      <![CDATA[About to begin executing following method : MasterPreloadTest.checkValidatingCannotBeChangedInSavedVoucher]]>
    </line>
    <line>
      <![CDATA[Completed executing following method : MasterPreloadTest.checkValidatingCannotBeChangedInSavedVoucher]]>
    </line>
    <line>
      <![CDATA[Test Method resides in com.focus.testcases.MasterPreloadTest]]>
    </line>
    <line>
      <![CDATA[Test Status: Pass]]>
    </line>
    <line>
      <![CDATA[About to begin executing following method : BaseEngine.afterMethodExecution]]>
    </line>
    <line>
      <![CDATA[Completed executing following method : BaseEngine.afterMethodExecution]]>
    </line>
    <line>
      <![CDATA[About to begin executing following method : BaseEngine.beforeMethodExecution]]>
    </line>
    <line>
      <![CDATA[Completed executing following method : BaseEngine.beforeMethodExecution]]>
    </line>
    <line>
      <![CDATA[About to begin executing following method : MasterPreloadTest.checkUpdatingItemRateEditableForSalesInvoiceVAT]]>
    </line>
    <line>
      <![CDATA[Completed executing following method : MasterPreloadTest.checkUpdatingItemRateEditableForSalesInvoiceVAT]]>
    </line>
    <line>
      <![CDATA[Test Method resides in com.focus.testcases.MasterPreloadTest]]>
    </line>
    <line>
      <![CDATA[Test Status: Pass]]>
    </line>
    <line>
      <![CDATA[About to begin executing following method : BaseEngine.afterMethodExecution]]>
    </line>
    <line>
      <![CDATA[Completed executing following method : BaseEngine.afterMethodExecution]]>
    </line>
    <line>
      <![CDATA[About to begin executing following method : BaseEngine.beforeMethodExecution]]>
    </line>
    <line>
      <![CDATA[Completed executing following method : BaseEngine.beforeMethodExecution]]>
    </line>
    <line>
      <![CDATA[About to begin executing following method : MasterPreloadTest.checkEraseAllTransactionsAfterCompletingAllValidations]]>
    </line>
    <line>
      <![CDATA[Completed executing following method : MasterPreloadTest.checkEraseAllTransactionsAfterCompletingAllValidations]]>
    </line>
    <line>
      <![CDATA[Test Method resides in com.focus.testcases.MasterPreloadTest]]>
    </line>
    <line>
      <![CDATA[Test Status: Pass]]>
    </line>
    <line>
      <![CDATA[About to begin executing following method : BaseEngine.afterMethodExecution]]>
    </line>
    <line>
      <![CDATA[Completed executing following method : BaseEngine.afterMethodExecution]]>
    </line>
    <line>
      <![CDATA[About to begin executing following method : BaseEngine.beforeMethodExecution]]>
    </line>
    <line>
      <![CDATA[Completed executing following method : BaseEngine.beforeMethodExecution]]>
    </line>
    <line>
      <![CDATA[About to begin executing following method : RulesTest.CheckNavigateToRulesTAB]]>
    </line>
    <line>
      <![CDATA[Completed executing following method : RulesTest.CheckNavigateToRulesTAB]]>
    </line>
    <line>
      <![CDATA[Test Method resides in com.focus.testcases.RulesTest]]>
    </line>
    <line>
      <![CDATA[Test Status: Pass]]>
    </line>
    <line>
      <![CDATA[About to begin executing following method : BaseEngine.afterMethodExecution]]>
    </line>
    <line>
      <![CDATA[Completed executing following method : BaseEngine.afterMethodExecution]]>
    </line>
    <line>
      <![CDATA[About to begin executing following method : BaseEngine.beforeMethodExecution]]>
    </line>
    <line>
      <![CDATA[Completed executing following method : BaseEngine.beforeMethodExecution]]>
    </line>
    <line>
      <![CDATA[About to begin executing following method : RulesTest.checkSavingRuleWithOutInput]]>
    </line>
    <line>
      <![CDATA[Completed executing following method : RulesTest.checkSavingRuleWithOutInput]]>
    </line>
    <line>
      <![CDATA[Test Method resides in com.focus.testcases.RulesTest]]>
    </line>
    <line>
      <![CDATA[Test Status: Pass]]>
    </line>
    <line>
      <![CDATA[About to begin executing following method : BaseEngine.afterMethodExecution]]>
    </line>
    <line>
      <![CDATA[Completed executing following method : BaseEngine.afterMethodExecution]]>
    </line>
    <line>
      <![CDATA[About to begin executing following method : BaseEngine.beforeMethodExecution]]>
    </line>
    <line>
      <![CDATA[Completed executing following method : BaseEngine.beforeMethodExecution]]>
    </line>
    <line>
      <![CDATA[About to begin executing following method : RulesTest.checkSavingRulesWithOnLoadOptionEnableInVoucherLevel]]>
    </line>
    <line>
      <![CDATA[Completed executing following method : RulesTest.checkSavingRulesWithOnLoadOptionEnableInVoucherLevel]]>
    </line>
    <line>
      <![CDATA[Test Method resides in com.focus.testcases.RulesTest]]>
    </line>
    <line>
      <![CDATA[Test Status: Pass]]>
    </line>
    <line>
      <![CDATA[About to begin executing following method : BaseEngine.afterMethodExecution]]>
    </line>
    <line>
      <![CDATA[Completed executing following method : BaseEngine.afterMethodExecution]]>
    </line>
    <line>
      <![CDATA[About to begin executing following method : BaseEngine.beforeMethodExecution]]>
    </line>
    <line>
      <![CDATA[Completed executing following method : BaseEngine.beforeMethodExecution]]>
    </line>
    <line>
      <![CDATA[About to begin executing following method : RulesTest.checkSavedRuleWithLoadOptionEnable]]>
    </line>
    <line>
      <![CDATA[Completed executing following method : RulesTest.checkSavedRuleWithLoadOptionEnable]]>
    </line>
    <line>
      <![CDATA[Test Method resides in com.focus.testcases.RulesTest]]>
    </line>
    <line>
      <![CDATA[Test Status: Pass]]>
    </line>
    <line>
      <![CDATA[About to begin executing following method : BaseEngine.afterMethodExecution]]>
    </line>
    <line>
      <![CDATA[Completed executing following method : BaseEngine.afterMethodExecution]]>
    </line>
    <line>
      <![CDATA[About to begin executing following method : BaseEngine.beforeMethodExecution]]>
    </line>
    <line>
      <![CDATA[Completed executing following method : BaseEngine.beforeMethodExecution]]>
    </line>
    <line>
      <![CDATA[About to begin executing following method : RulesTest.checkLOADRuleOptionAtVoucherLevel]]>
    </line>
    <line>
      <![CDATA[Completed executing following method : RulesTest.checkLOADRuleOptionAtVoucherLevel]]>
    </line>
    <line>
      <![CDATA[Test Method resides in com.focus.testcases.RulesTest]]>
    </line>
    <line>
      <![CDATA[Test Status: Failed]]>
    </line>
    <line>
      <![CDATA[About to begin executing following method : BaseEngine.afterMethodExecution]]>
    </line>
    <line>
      <![CDATA[Completed executing following method : BaseEngine.afterMethodExecution]]>
    </line>
    <line>
      <![CDATA[About to begin executing following method : BaseEngine.beforeMethodExecution]]>
    </line>
    <line>
      <![CDATA[Completed executing following method : BaseEngine.beforeMethodExecution]]>
    </line>
    <line>
      <![CDATA[About to begin executing following method : RulesTest.checkSavingRulesWithOnLeave]]>
    </line>
    <line>
      <![CDATA[Completed executing following method : RulesTest.checkSavingRulesWithOnLeave]]>
    </line>
    <line>
      <![CDATA[Test Method resides in com.focus.testcases.RulesTest]]>
    </line>
    <line>
      <![CDATA[Test Status: Pass]]>
    </line>
    <line>
      <![CDATA[About to begin executing following method : BaseEngine.afterMethodExecution]]>
    </line>
    <line>
      <![CDATA[Completed executing following method : BaseEngine.afterMethodExecution]]>
    </line>
    <line>
      <![CDATA[About to begin executing following method : BaseEngine.beforeMethodExecution]]>
    </line>
    <line>
      <![CDATA[Completed executing following method : BaseEngine.beforeMethodExecution]]>
    </line>
    <line>
      <![CDATA[About to begin executing following method : RulesTest.checkOnLeaveValiationATVoucherLevelWithDepartmentWales]]>
    </line>
    <line>
      <![CDATA[Completed executing following method : RulesTest.checkOnLeaveValiationATVoucherLevelWithDepartmentWales]]>
    </line>
    <line>
      <![CDATA[Test Method resides in com.focus.testcases.RulesTest]]>
    </line>
    <line>
      <![CDATA[Test Status: Pass]]>
    </line>
    <line>
      <![CDATA[About to begin executing following method : BaseEngine.afterMethodExecution]]>
    </line>
    <line>
      <![CDATA[Completed executing following method : BaseEngine.afterMethodExecution]]>
    </line>
    <line>
      <![CDATA[About to begin executing following method : BaseEngine.beforeMethodExecution]]>
    </line>
    <line>
      <![CDATA[Completed executing following method : BaseEngine.beforeMethodExecution]]>
    </line>
    <line>
      <![CDATA[About to begin executing following method : RulesTest.checkChangingDepartmentAsAMERICAAndValidateColounmHeadingName]]>
    </line>
    <line>
      <![CDATA[Completed executing following method : RulesTest.checkChangingDepartmentAsAMERICAAndValidateColounmHeadingName]]>
    </line>
    <line>
      <![CDATA[Test Method resides in com.focus.testcases.RulesTest]]>
    </line>
    <line>
      <![CDATA[Test Status: Pass]]>
    </line>
    <line>
      <![CDATA[About to begin executing following method : BaseEngine.afterMethodExecution]]>
    </line>
    <line>
      <![CDATA[Completed executing following method : BaseEngine.afterMethodExecution]]>
    </line>
    <line>
      <![CDATA[About to begin executing following method : BaseEngine.beforeMethodExecution]]>
    </line>
    <line>
      <![CDATA[Completed executing following method : BaseEngine.beforeMethodExecution]]>
    </line>
    <line>
      <![CDATA[About to begin executing following method : RulesTest.checkBodyHeadingColumnWithCustomerAccount]]>
    </line>
    <line>
      <![CDATA[Completed executing following method : RulesTest.checkBodyHeadingColumnWithCustomerAccount]]>
    </line>
    <line>
      <![CDATA[Test Method resides in com.focus.testcases.RulesTest]]>
    </line>
    <line>
      <![CDATA[Test Status: Pass]]>
    </line>
    <line>
      <![CDATA[About to begin executing following method : BaseEngine.afterMethodExecution]]>
    </line>
    <line>
      <![CDATA[Completed executing following method : BaseEngine.afterMethodExecution]]>
    </line>
    <line>
      <![CDATA[About to begin executing following method : BaseEngine.beforeMethodExecution]]>
    </line>
    <line>
      <![CDATA[Completed executing following method : BaseEngine.beforeMethodExecution]]>
    </line>
    <line>
      <![CDATA[About to begin executing following method : RulesTest.chekSavingRuleWithOnEnter]]>
    </line>
    <line>
      <![CDATA[Completed executing following method : RulesTest.chekSavingRuleWithOnEnter]]>
    </line>
    <line>
      <![CDATA[Test Method resides in com.focus.testcases.RulesTest]]>
    </line>
    <line>
      <![CDATA[Test Status: Pass]]>
    </line>
    <line>
      <![CDATA[About to begin executing following method : BaseEngine.afterMethodExecution]]>
    </line>
    <line>
      <![CDATA[Completed executing following method : BaseEngine.afterMethodExecution]]>
    </line>
    <line>
      <![CDATA[About to begin executing following method : BaseEngine.beforeMethodExecution]]>
    </line>
    <line>
      <![CDATA[Completed executing following method : BaseEngine.beforeMethodExecution]]>
    </line>
    <line>
      <![CDATA[About to begin executing following method : RulesTest.checkVoucherLevelOnEnterRuleValidation]]>
    </line>
    <line>
      <![CDATA[Completed executing following method : RulesTest.checkVoucherLevelOnEnterRuleValidation]]>
    </line>
    <line>
      <![CDATA[Test Method resides in com.focus.testcases.RulesTest]]>
    </line>
    <line>
      <![CDATA[Test Status: Pass]]>
    </line>
    <line>
      <![CDATA[About to begin executing following method : BaseEngine.afterMethodExecution]]>
    </line>
    <line>
      <![CDATA[Completed executing following method : BaseEngine.afterMethodExecution]]>
    </line>
    <line>
      <![CDATA[About to begin executing following method : BaseEngine.beforeMethodExecution]]>
    </line>
    <line>
      <![CDATA[Completed executing following method : BaseEngine.beforeMethodExecution]]>
    </line>
    <line>
      <![CDATA[About to begin executing following method : RulesTest.checkEditingAndAddingSavedRuleUnderRecepitsVAT]]>
    </line>
    <line>
      <![CDATA[Completed executing following method : RulesTest.checkEditingAndAddingSavedRuleUnderRecepitsVAT]]>
    </line>
    <line>
      <![CDATA[Test Method resides in com.focus.testcases.RulesTest]]>
    </line>
    <line>
      <![CDATA[Test Status: Pass]]>
    </line>
    <line>
      <![CDATA[About to begin executing following method : BaseEngine.afterMethodExecution]]>
    </line>
    <line>
      <![CDATA[Completed executing following method : BaseEngine.afterMethodExecution]]>
    </line>
    <line>
      <![CDATA[About to begin executing following method : BaseEngine.beforeMethodExecution]]>
    </line>
    <line>
      <![CDATA[Completed executing following method : BaseEngine.beforeMethodExecution]]>
    </line>
    <line>
      <![CDATA[About to begin executing following method : RulesTest.checkRuleConditionAfterEditingINEnterRule]]>
    </line>
    <line>
      <![CDATA[Completed executing following method : RulesTest.checkRuleConditionAfterEditingINEnterRule]]>
    </line>
    <line>
      <![CDATA[Test Method resides in com.focus.testcases.RulesTest]]>
    </line>
    <line>
      <![CDATA[Test Status: Pass]]>
    </line>
    <line>
      <![CDATA[About to begin executing following method : BaseEngine.afterMethodExecution]]>
    </line>
    <line>
      <![CDATA[Completed executing following method : BaseEngine.afterMethodExecution]]>
    </line>
    <line>
      <![CDATA[About to begin executing following method : BaseEngine.beforeMethodExecution]]>
    </line>
    <line>
      <![CDATA[Completed executing following method : BaseEngine.beforeMethodExecution]]>
    </line>
    <line>
      <![CDATA[About to begin executing following method : RulesTest.checkClickOnHiddingOptionInRulesAndClickOnSave]]>
    </line>
    <line>
      <![CDATA[Completed executing following method : RulesTest.checkClickOnHiddingOptionInRulesAndClickOnSave]]>
    </line>
    <line>
      <![CDATA[Test Method resides in com.focus.testcases.RulesTest]]>
    </line>
    <line>
      <![CDATA[Test Status: Pass]]>
    </line>
    <line>
      <![CDATA[About to begin executing following method : BaseEngine.afterMethodExecution]]>
    </line>
    <line>
      <![CDATA[Completed executing following method : BaseEngine.afterMethodExecution]]>
    </line>
    <line>
      <![CDATA[About to begin executing following method : BaseEngine.beforeMethodExecution]]>
    </line>
    <line>
      <![CDATA[Completed executing following method : BaseEngine.beforeMethodExecution]]>
    </line>
    <line>
      <![CDATA[About to begin executing following method : RulesTest.checkAfterEnableHiddenOptionAtVoucherLevel]]>
    </line>
    <line>
      <![CDATA[Completed executing following method : RulesTest.checkAfterEnableHiddenOptionAtVoucherLevel]]>
    </line>
    <line>
      <![CDATA[Test Method resides in com.focus.testcases.RulesTest]]>
    </line>
    <line>
      <![CDATA[Test Status: Pass]]>
    </line>
    <line>
      <![CDATA[About to begin executing following method : BaseEngine.afterMethodExecution]]>
    </line>
    <line>
      <![CDATA[Completed executing following method : BaseEngine.afterMethodExecution]]>
    </line>
    <line>
      <![CDATA[About to begin executing following method : BaseEngine.beforeMethodExecution]]>
    </line>
    <line>
      <![CDATA[Completed executing following method : BaseEngine.beforeMethodExecution]]>
    </line>
    <line>
      <![CDATA[About to begin executing following method : RulesTest.chekSavingRuleWithBeforeDelete]]>
    </line>
    <line>
      <![CDATA[Completed executing following method : RulesTest.chekSavingRuleWithBeforeDelete]]>
    </line>
    <line>
      <![CDATA[Test Method resides in com.focus.testcases.RulesTest]]>
    </line>
    <line>
      <![CDATA[Test Status: Pass]]>
    </line>
    <line>
      <![CDATA[About to begin executing following method : BaseEngine.afterMethodExecution]]>
    </line>
    <line>
      <![CDATA[Completed executing following method : BaseEngine.afterMethodExecution]]>
    </line>
    <line>
      <![CDATA[About to begin executing following method : BaseEngine.beforeMethodExecution]]>
    </line>
    <line>
      <![CDATA[Completed executing following method : BaseEngine.beforeMethodExecution]]>
    </line>
    <line>
      <![CDATA[About to begin executing following method : RulesTest.chekSavingRuleWithOnEdit]]>
    </line>
    <line>
      <![CDATA[Completed executing following method : RulesTest.chekSavingRuleWithOnEdit]]>
    </line>
    <line>
      <![CDATA[Test Method resides in com.focus.testcases.RulesTest]]>
    </line>
    <line>
      <![CDATA[Test Status: Pass]]>
    </line>
    <line>
      <![CDATA[About to begin executing following method : BaseEngine.afterMethodExecution]]>
    </line>
    <line>
      <![CDATA[Completed executing following method : BaseEngine.afterMethodExecution]]>
    </line>
    <line>
      <![CDATA[About to begin executing following method : BaseEngine.beforeMethodExecution]]>
    </line>
    <line>
      <![CDATA[Completed executing following method : BaseEngine.beforeMethodExecution]]>
    </line>
    <line>
      <![CDATA[About to begin executing following method : RulesTest.checkValidationOFEditRuleWithWarnAndProcedueInRecepitsVoucher]]>
    </line>
    <line>
      <![CDATA[Completed executing following method : RulesTest.checkValidationOFEditRuleWithWarnAndProcedueInRecepitsVoucher]]>
    </line>
    <line>
      <![CDATA[Test Method resides in com.focus.testcases.RulesTest]]>
    </line>
    <line>
      <![CDATA[Test Status: Pass]]>
    </line>
    <line>
      <![CDATA[About to begin executing following method : BaseEngine.afterMethodExecution]]>
    </line>
    <line>
      <![CDATA[Completed executing following method : BaseEngine.afterMethodExecution]]>
    </line>
    <line>
      <![CDATA[About to begin executing following method : BaseEngine.beforeMethodExecution]]>
    </line>
    <line>
      <![CDATA[Completed executing following method : BaseEngine.beforeMethodExecution]]>
    </line>
    <line>
      <![CDATA[About to begin executing following method : RulesTest.checkSavingExtraFiledInSalesINvoiceVAT]]>
    </line>
    <line>
      <![CDATA[Completed executing following method : RulesTest.checkSavingExtraFiledInSalesINvoiceVAT]]>
    </line>
    <line>
      <![CDATA[Test Method resides in com.focus.testcases.RulesTest]]>
    </line>
    <line>
      <![CDATA[Test Status: Pass]]>
    </line>
    <line>
      <![CDATA[About to begin executing following method : BaseEngine.afterMethodExecution]]>
    </line>
    <line>
      <![CDATA[Completed executing following method : BaseEngine.afterMethodExecution]]>
    </line>
    <line>
      <![CDATA[About to begin executing following method : BaseEngine.beforeMethodExecution]]>
    </line>
    <line>
      <![CDATA[Completed executing following method : BaseEngine.beforeMethodExecution]]>
    </line>
    <line>
      <![CDATA[About to begin executing following method : RulesTest.checkSavingRuleWithFormulaUnderSalesINvoiceVAT]]>
    </line>
    <line>
      <![CDATA[Completed executing following method : RulesTest.checkSavingRuleWithFormulaUnderSalesINvoiceVAT]]>
    </line>
    <line>
      <![CDATA[Test Method resides in com.focus.testcases.RulesTest]]>
    </line>
    <line>
      <![CDATA[Test Status: Pass]]>
    </line>
    <line>
      <![CDATA[About to begin executing following method : BaseEngine.afterMethodExecution]]>
    </line>
    <line>
      <![CDATA[Completed executing following method : BaseEngine.afterMethodExecution]]>
    </line>
    <line>
      <![CDATA[About to begin executing following method : BaseEngine.beforeMethodExecution]]>
    </line>
    <line>
      <![CDATA[Completed executing following method : BaseEngine.beforeMethodExecution]]>
    </line>
    <line>
      <![CDATA[About to begin executing following method : RulesTest.checkSavingOpeningStockVoucher]]>
    </line>
    <line>
      <![CDATA[Completed executing following method : RulesTest.checkSavingOpeningStockVoucher]]>
    </line>
    <line>
      <![CDATA[Test Method resides in com.focus.testcases.RulesTest]]>
    </line>
    <line>
      <![CDATA[Test Status: Pass]]>
    </line>
    <line>
      <![CDATA[About to begin executing following method : BaseEngine.afterMethodExecution]]>
    </line>
    <line>
      <![CDATA[Completed executing following method : BaseEngine.afterMethodExecution]]>
    </line>
    <line>
      <![CDATA[About to begin executing following method : BaseEngine.beforeMethodExecution]]>
    </line>
    <line>
      <![CDATA[Completed executing following method : BaseEngine.beforeMethodExecution]]>
    </line>
    <line>
      <![CDATA[About to begin executing following method : RulesTest.checkValidationOFFOrmulaControlAtVoucherLevel]]>
    </line>
    <line>
      <![CDATA[Completed executing following method : RulesTest.checkValidationOFFOrmulaControlAtVoucherLevel]]>
    </line>
    <line>
      <![CDATA[Test Method resides in com.focus.testcases.RulesTest]]>
    </line>
    <line>
      <![CDATA[Test Status: Pass]]>
    </line>
    <line>
      <![CDATA[About to begin executing following method : BaseEngine.afterMethodExecution]]>
    </line>
    <line>
      <![CDATA[Completed executing following method : BaseEngine.afterMethodExecution]]>
    </line>
    <line>
      <![CDATA[About to begin executing following method : BaseEngine.beforeMethodExecution]]>
    </line>
    <line>
      <![CDATA[Completed executing following method : BaseEngine.beforeMethodExecution]]>
    </line>
    <line>
      <![CDATA[About to begin executing following method : RulesTest.chckRestoreBackUpForSQLFunction]]>
    </line>
    <line>
      <![CDATA[Completed executing following method : RulesTest.chckRestoreBackUpForSQLFunction]]>
    </line>
    <line>
      <![CDATA[Test Method resides in com.focus.testcases.RulesTest]]>
    </line>
    <line>
      <![CDATA[Test Status: Pass]]>
    </line>
    <line>
      <![CDATA[About to begin executing following method : BaseEngine.afterMethodExecution]]>
    </line>
    <line>
      <![CDATA[Completed executing following method : BaseEngine.afterMethodExecution]]>
    </line>
    <line>
      <![CDATA[About to begin executing following method : BaseEngine.beforeMethodExecution]]>
    </line>
    <line>
      <![CDATA[Completed executing following method : BaseEngine.beforeMethodExecution]]>
    </line>
    <line>
      <![CDATA[About to begin executing following method : RulesTest.checkSQLFuntionATExcessStockVoucherLevel]]>
    </line>
    <line>
      <![CDATA[Completed executing following method : RulesTest.checkSQLFuntionATExcessStockVoucherLevel]]>
    </line>
    <line>
      <![CDATA[Test Method resides in com.focus.testcases.RulesTest]]>
    </line>
    <line>
      <![CDATA[Test Status: Pass]]>
    </line>
    <line>
      <![CDATA[About to begin executing following method : BaseEngine.afterMethodExecution]]>
    </line>
    <line>
      <![CDATA[Completed executing following method : BaseEngine.afterMethodExecution]]>
    </line>
    <line>
      <![CDATA[About to begin executing following method : BaseEngine.beforeMethodExecution]]>
    </line>
    <line>
      <![CDATA[Completed executing following method : BaseEngine.beforeMethodExecution]]>
    </line>
    <line>
      <![CDATA[About to begin executing following method : RulesTest.checkCreatingViewOptionInPurchaseVoucher]]>
    </line>
    <line>
      <![CDATA[Completed executing following method : RulesTest.checkCreatingViewOptionInPurchaseVoucher]]>
    </line>
    <line>
      <![CDATA[Test Method resides in com.focus.testcases.RulesTest]]>
    </line>
    <line>
      <![CDATA[Test Status: Pass]]>
    </line>
    <line>
      <![CDATA[About to begin executing following method : BaseEngine.afterMethodExecution]]>
    </line>
    <line>
      <![CDATA[Completed executing following method : BaseEngine.afterMethodExecution]]>
    </line>
    <line>
      <![CDATA[About to begin executing following method : BaseEngine.beforeMethodExecution]]>
    </line>
    <line>
      <![CDATA[Completed executing following method : BaseEngine.beforeMethodExecution]]>
    </line>
    <line>
      <![CDATA[About to begin executing following method : RulesTest.checkViewOptionCreatedInPurchaseVoucherVAT]]>
    </line>
    <line>
      <![CDATA[Completed executing following method : RulesTest.checkViewOptionCreatedInPurchaseVoucherVAT]]>
    </line>
    <line>
      <![CDATA[Test Method resides in com.focus.testcases.RulesTest]]>
    </line>
    <line>
      <![CDATA[Test Status: Pass]]>
    </line>
    <line>
      <![CDATA[About to begin executing following method : BaseEngine.afterMethodExecution]]>
    </line>
    <line>
      <![CDATA[Completed executing following method : BaseEngine.afterMethodExecution]]>
    </line>
    <line>
      <![CDATA[About to begin executing following method : BaseEngine.beforeMethodExecution]]>
    </line>
    <line>
      <![CDATA[Completed executing following method : BaseEngine.beforeMethodExecution]]>
    </line>
    <line>
      <![CDATA[About to begin executing following method : RulesTest.checkLogin]]>
    </line>
    <line>
      <![CDATA[Completed executing following method : RulesTest.checkLogin]]>
    </line>
    <line>
      <![CDATA[Test Method resides in com.focus.testcases.RulesTest]]>
    </line>
    <line>
      <![CDATA[Test Status: Pass]]>
    </line>
    <line>
      <![CDATA[About to begin executing following method : BaseEngine.afterMethodExecution]]>
    </line>
    <line>
      <![CDATA[Completed executing following method : BaseEngine.afterMethodExecution]]>
    </line>
    <line>
      <![CDATA[About to begin executing following method : BaseEngine.beforeMethodExecution]]>
    </line>
    <line>
      <![CDATA[Completed executing following method : BaseEngine.beforeMethodExecution]]>
    </line>
    <line>
      <![CDATA[About to begin executing following method : RulesTest.checkITEMWithF5Key]]>
    </line>
    <line>
      <![CDATA[Completed executing following method : RulesTest.checkITEMWithF5Key]]>
    </line>
    <line>
      <![CDATA[Test Method resides in com.focus.testcases.RulesTest]]>
    </line>
    <line>
      <![CDATA[Test Status: Pass]]>
    </line>
    <line>
      <![CDATA[About to begin executing following method : BaseEngine.afterMethodExecution]]>
    </line>
    <line>
      <![CDATA[Completed executing following method : BaseEngine.afterMethodExecution]]>
    </line>
    <line>
      <![CDATA[About to begin executing following method : BaseEngine.beforeMethodExecution]]>
    </line>
    <line>
      <![CDATA[Completed executing following method : BaseEngine.beforeMethodExecution]]>
    </line>
    <line>
      <![CDATA[About to begin executing following method : RulesTest.checkLoadingFieldsIntoPopOnClickOnRefreshBtn]]>
    </line>
    <line>
      <![CDATA[Completed executing following method : RulesTest.checkLoadingFieldsIntoPopOnClickOnRefreshBtn]]>
    </line>
    <line>
      <![CDATA[Test Method resides in com.focus.testcases.RulesTest]]>
    </line>
    <line>
      <![CDATA[Test Status: Pass]]>
    </line>
    <line>
      <![CDATA[About to begin executing following method : BaseEngine.afterMethodExecution]]>
    </line>
    <line>
      <![CDATA[Completed executing following method : BaseEngine.afterMethodExecution]]>
    </line>
    <line>
      <![CDATA[About to begin executing following method : BaseEngine.beforeMethodExecution]]>
    </line>
    <line>
      <![CDATA[Completed executing following method : BaseEngine.beforeMethodExecution]]>
    </line>
    <line>
      <![CDATA[About to begin executing following method : RulesTest.checkItemValuesintoVoucherLevelOnClickOnOkBtnInSearchPopUp]]>
    </line>
    <line>
      <![CDATA[Completed executing following method : RulesTest.checkItemValuesintoVoucherLevelOnClickOnOkBtnInSearchPopUp]]>
    </line>
    <line>
      <![CDATA[Test Method resides in com.focus.testcases.RulesTest]]>
    </line>
    <line>
      <![CDATA[Test Status: Pass]]>
    </line>
    <line>
      <![CDATA[About to begin executing following method : BaseEngine.afterMethodExecution]]>
    </line>
    <line>
      <![CDATA[Completed executing following method : BaseEngine.afterMethodExecution]]>
    </line>
    <line>
      <![CDATA[About to begin executing following method : BaseEngine.beforeMethodExecution]]>
    </line>
    <line>
      <![CDATA[Completed executing following method : BaseEngine.beforeMethodExecution]]>
    </line>
    <line>
      <![CDATA[About to begin executing following method : RulesTest.checkAccountTxtWithClickOnF5]]>
    </line>
    <line>
      <![CDATA[Completed executing following method : RulesTest.checkAccountTxtWithClickOnF5]]>
    </line>
    <line>
      <![CDATA[Test Method resides in com.focus.testcases.RulesTest]]>
    </line>
    <line>
      <![CDATA[Test Status: Pass]]>
    </line>
    <line>
      <![CDATA[About to begin executing following method : BaseEngine.afterMethodExecution]]>
    </line>
    <line>
      <![CDATA[Completed executing following method : BaseEngine.afterMethodExecution]]>
    </line>
    <line>
      <![CDATA[About to begin executing following method : BaseEngine.beforeMethodExecution]]>
    </line>
    <line>
      <![CDATA[Completed executing following method : BaseEngine.beforeMethodExecution]]>
    </line>
    <line>
      <![CDATA[About to begin executing following method : RulesTest.checkLoadingAccountValuesFromSearchPopUp]]>
    </line>
    <line>
      <![CDATA[Completed executing following method : RulesTest.checkLoadingAccountValuesFromSearchPopUp]]>
    </line>
    <line>
      <![CDATA[Test Method resides in com.focus.testcases.RulesTest]]>
    </line>
    <line>
      <![CDATA[Test Status: Pass]]>
    </line>
    <line>
      <![CDATA[About to begin executing following method : BaseEngine.afterMethodExecution]]>
    </line>
    <line>
      <![CDATA[Completed executing following method : BaseEngine.afterMethodExecution]]>
    </line>
    <line>
      <![CDATA[About to begin executing following method : BaseEngine.beforeMethodExecution]]>
    </line>
    <line>
      <![CDATA[Completed executing following method : BaseEngine.beforeMethodExecution]]>
    </line>
    <line>
      <![CDATA[About to begin executing following method : RulesTest.checkF5KeyWithRMAPopUpInOpeningStocks]]>
    </line>
    <line>
      <![CDATA[Completed executing following method : RulesTest.checkF5KeyWithRMAPopUpInOpeningStocks]]>
    </line>
    <line>
      <![CDATA[Test Method resides in com.focus.testcases.RulesTest]]>
    </line>
    <line>
      <![CDATA[Test Status: Failed]]>
    </line>
    <line>
      <![CDATA[About to begin executing following method : BaseEngine.afterMethodExecution]]>
    </line>
    <line>
      <![CDATA[Completed executing following method : BaseEngine.afterMethodExecution]]>
    </line>
    <line>
      <![CDATA[About to begin executing following method : BaseEngine.beforeMethodExecution]]>
    </line>
    <line>
      <![CDATA[Completed executing following method : BaseEngine.beforeMethodExecution]]>
    </line>
    <line>
      <![CDATA[About to begin executing following method : RulesTest.checkCopyAndPasteWithControlOptionInLedgerReport]]>
    </line>
    <line>
      <![CDATA[Completed executing following method : RulesTest.checkCopyAndPasteWithControlOptionInLedgerReport]]>
    </line>
    <line>
      <![CDATA[Test Method resides in com.focus.testcases.RulesTest]]>
    </line>
    <line>
      <![CDATA[Test Status: Pass]]>
    </line>
    <line>
      <![CDATA[About to begin executing following method : BaseEngine.afterMethodExecution]]>
    </line>
    <line>
      <![CDATA[Completed executing following method : BaseEngine.afterMethodExecution]]>
    </line>
    <line>
      <![CDATA[About to begin executing following method : BaseEngine.beforeMethodExecution]]>
    </line>
    <line>
      <![CDATA[Completed executing following method : BaseEngine.beforeMethodExecution]]>
    </line>
    <line>
      <![CDATA[About to begin executing following method : RulesTest.checkEnterF5keyInLedgerReport]]>
    </line>
    <line>
      <![CDATA[Completed executing following method : RulesTest.checkEnterF5keyInLedgerReport]]>
    </line>
    <line>
      <![CDATA[Test Method resides in com.focus.testcases.RulesTest]]>
    </line>
    <line>
      <![CDATA[Test Status: Pass]]>
    </line>
    <line>
      <![CDATA[About to begin executing following method : BaseEngine.afterMethodExecution]]>
    </line>
    <line>
      <![CDATA[Completed executing following method : BaseEngine.afterMethodExecution]]>
    </line>
    <line>
      <![CDATA[About to begin executing following method : BaseEngine.beforeMethodExecution]]>
    </line>
    <line>
      <![CDATA[Completed executing following method : BaseEngine.beforeMethodExecution]]>
    </line>
    <line>
      <![CDATA[About to begin executing following method : RulesTest.checkF5KeyInFilterPopUpScreen]]>
    </line>
    <line>
      <![CDATA[Completed executing following method : RulesTest.checkF5KeyInFilterPopUpScreen]]>
    </line>
    <line>
      <![CDATA[Test Method resides in com.focus.testcases.RulesTest]]>
    </line>
    <line>
      <![CDATA[Test Status: Pass]]>
    </line>
    <line>
      <![CDATA[About to begin executing following method : BaseEngine.afterMethodExecution]]>
    </line>
    <line>
      <![CDATA[Completed executing following method : BaseEngine.afterMethodExecution]]>
    </line>
    <line>
      <![CDATA[About to begin executing following method : BaseEngine.beforeMethodExecution]]>
    </line>
    <line>
      <![CDATA[Completed executing following method : BaseEngine.beforeMethodExecution]]>
    </line>
    <line>
      <![CDATA[About to begin executing following method : RulesTest.checkCreatingConditionForRestrictionsWithStopOption]]>
    </line>
    <line>
      <![CDATA[Completed executing following method : RulesTest.checkCreatingConditionForRestrictionsWithStopOption]]>
    </line>
    <line>
      <![CDATA[Test Method resides in com.focus.testcases.RulesTest]]>
    </line>
    <line>
      <![CDATA[Test Status: Pass]]>
    </line>
    <line>
      <![CDATA[About to begin executing following method : BaseEngine.afterMethodExecution]]>
    </line>
    <line>
      <![CDATA[Completed executing following method : BaseEngine.afterMethodExecution]]>
    </line>
    <line>
      <![CDATA[About to begin executing following method : BaseEngine.beforeMethodExecution]]>
    </line>
    <line>
      <![CDATA[Completed executing following method : BaseEngine.beforeMethodExecution]]>
    </line>
    <line>
      <![CDATA[About to begin executing following method : RulesTest.checkSavingPurchaseVoucherVATWithRateBelowAverageRate]]>
    </line>
    <line>
      <![CDATA[Completed executing following method : RulesTest.checkSavingPurchaseVoucherVATWithRateBelowAverageRate]]>
    </line>
    <line>
      <![CDATA[Test Method resides in com.focus.testcases.RulesTest]]>
    </line>
    <line>
      <![CDATA[Test Status: Pass]]>
    </line>
    <line>
      <![CDATA[About to begin executing following method : BaseEngine.afterMethodExecution]]>
    </line>
    <line>
      <![CDATA[Completed executing following method : BaseEngine.afterMethodExecution]]>
    </line>
    <line>
      <![CDATA[About to begin executing following method : BaseEngine.beforeMethodExecution]]>
    </line>
    <line>
      <![CDATA[Completed executing following method : BaseEngine.beforeMethodExecution]]>
    </line>
    <line>
      <![CDATA[About to begin executing following method : RulesTest.checkSavingPurchaseVoucherVATWithRateEqualToAverageRate]]>
    </line>
    <line>
      <![CDATA[Completed executing following method : RulesTest.checkSavingPurchaseVoucherVATWithRateEqualToAverageRate]]>
    </line>
    <line>
      <![CDATA[Test Method resides in com.focus.testcases.RulesTest]]>
    </line>
    <line>
      <![CDATA[Test Status: Pass]]>
    </line>
    <line>
      <![CDATA[About to begin executing following method : BaseEngine.afterMethodExecution]]>
    </line>
    <line>
      <![CDATA[Completed executing following method : BaseEngine.afterMethodExecution]]>
    </line>
    <line>
      <![CDATA[About to begin executing following method : BaseEngine.beforeMethodExecution]]>
    </line>
    <line>
      <![CDATA[Completed executing following method : BaseEngine.beforeMethodExecution]]>
    </line>
    <line>
      <![CDATA[About to begin executing following method : RulesTest.checkSavingPurchaseVoucherVATWithRateGreaterThanAverageRate]]>
    </line>
    <line>
      <![CDATA[Completed executing following method : RulesTest.checkSavingPurchaseVoucherVATWithRateGreaterThanAverageRate]]>
    </line>
    <line>
      <![CDATA[Test Method resides in com.focus.testcases.RulesTest]]>
    </line>
    <line>
      <![CDATA[Test Status: Pass]]>
    </line>
    <line>
      <![CDATA[About to begin executing following method : BaseEngine.afterMethodExecution]]>
    </line>
    <line>
      <![CDATA[Completed executing following method : BaseEngine.afterMethodExecution]]>
    </line>
    <line>
      <![CDATA[About to begin executing following method : BaseEngine.beforeMethodExecution]]>
    </line>
    <line>
      <![CDATA[Completed executing following method : BaseEngine.beforeMethodExecution]]>
    </line>
    <line>
      <![CDATA[About to begin executing following method : RulesTest.checkCreatingConditionForRestrictionsWithWarnAndAllowOption]]>
    </line>
    <line>
      <![CDATA[Completed executing following method : RulesTest.checkCreatingConditionForRestrictionsWithWarnAndAllowOption]]>
    </line>
    <line>
      <![CDATA[Test Method resides in com.focus.testcases.RulesTest]]>
    </line>
    <line>
      <![CDATA[Test Status: Pass]]>
    </line>
    <line>
      <![CDATA[About to begin executing following method : BaseEngine.afterMethodExecution]]>
    </line>
    <line>
      <![CDATA[Completed executing following method : BaseEngine.afterMethodExecution]]>
    </line>
    <line>
      <![CDATA[About to begin executing following method : BaseEngine.beforeMethodExecution]]>
    </line>
    <line>
      <![CDATA[Completed executing following method : BaseEngine.beforeMethodExecution]]>
    </line>
    <line>
      <![CDATA[About to begin executing following method : RulesTest.checkSavingPurchaseVoucherVATWithRateBelowAverageRateForWarnAndAllow]]>
    </line>
    <line>
      <![CDATA[Completed executing following method : RulesTest.checkSavingPurchaseVoucherVATWithRateBelowAverageRateForWarnAndAllow]]>
    </line>
    <line>
      <![CDATA[Test Method resides in com.focus.testcases.RulesTest]]>
    </line>
    <line>
      <![CDATA[Test Status: Failed]]>
    </line>
    <line>
      <![CDATA[About to begin executing following method : BaseEngine.afterMethodExecution]]>
    </line>
    <line>
      <![CDATA[Completed executing following method : BaseEngine.afterMethodExecution]]>
    </line>
    <line>
      <![CDATA[About to begin executing following method : BaseEngine.beforeMethodExecution]]>
    </line>
    <line>
      <![CDATA[Completed executing following method : BaseEngine.beforeMethodExecution]]>
    </line>
    <line>
      <![CDATA[About to begin executing following method : RulesTest.checkSavingPurchaseVoucherVATWithRateEqualToAverageRateWithWarnAndAllow]]>
    </line>
    <line>
      <![CDATA[Completed executing following method : RulesTest.checkSavingPurchaseVoucherVATWithRateEqualToAverageRateWithWarnAndAllow]]>
    </line>
    <line>
      <![CDATA[Test Method resides in com.focus.testcases.RulesTest]]>
    </line>
    <line>
      <![CDATA[Test Status: Failed]]>
    </line>
    <line>
      <![CDATA[About to begin executing following method : BaseEngine.afterMethodExecution]]>
    </line>
    <line>
      <![CDATA[Completed executing following method : BaseEngine.afterMethodExecution]]>
    </line>
    <line>
      <![CDATA[About to begin executing following method : BaseEngine.beforeMethodExecution]]>
    </line>
    <line>
      <![CDATA[Completed executing following method : BaseEngine.beforeMethodExecution]]>
    </line>
    <line>
      <![CDATA[About to begin executing following method : RulesTest.checkSavingPurchaseVoucherVATWithRateGreaterThanAverageRateWithWarnAndAllow]]>
    </line>
    <line>
      <![CDATA[Completed executing following method : RulesTest.checkSavingPurchaseVoucherVATWithRateGreaterThanAverageRateWithWarnAndAllow]]>
    </line>
    <line>
      <![CDATA[Test Method resides in com.focus.testcases.RulesTest]]>
    </line>
    <line>
      <![CDATA[Test Status: Failed]]>
    </line>
    <line>
      <![CDATA[About to begin executing following method : BaseEngine.afterMethodExecution]]>
    </line>
    <line>
      <![CDATA[Completed executing following method : BaseEngine.afterMethodExecution]]>
    </line>
    <line>
      <![CDATA[About to begin executing following method : BaseEngine.beforeMethodExecution]]>
    </line>
    <line>
      <![CDATA[Completed executing following method : BaseEngine.beforeMethodExecution]]>
    </line>
    <line>
      <![CDATA[About to begin executing following method : RulesTest.checkAddingHeadeAndFooterInLedgerReport]]>
    </line>
    <line>
      <![CDATA[Completed executing following method : RulesTest.checkAddingHeadeAndFooterInLedgerReport]]>
    </line>
    <line>
      <![CDATA[Test Method resides in com.focus.testcases.RulesTest]]>
    </line>
    <line>
      <![CDATA[Test Status: Pass]]>
    </line>
    <line>
      <![CDATA[About to begin executing following method : BaseEngine.afterMethodExecution]]>
    </line>
    <line>
      <![CDATA[Completed executing following method : BaseEngine.afterMethodExecution]]>
    </line>
    <line>
      <![CDATA[About to begin executing following method : BaseEngine.beforeMethodExecution]]>
    </line>
    <line>
      <![CDATA[Completed executing following method : BaseEngine.beforeMethodExecution]]>
    </line>
    <line>
      <![CDATA[About to begin executing following method : RulesTest.checkPrintPDFFileAfterCreatingHeadeAndFooterLayoutInLedgerReport]]>
    </line>
    <line>
      <![CDATA[Completed executing following method : RulesTest.checkPrintPDFFileAfterCreatingHeadeAndFooterLayoutInLedgerReport]]>
    </line>
    <line>
      <![CDATA[Test Method resides in com.focus.testcases.RulesTest]]>
    </line>
    <line>
      <![CDATA[Test Status: Failed]]>
    </line>
    <line>
      <![CDATA[About to begin executing following method : BaseEngine.afterMethodExecution]]>
    </line>
    <line>
      <![CDATA[Completed executing following method : BaseEngine.afterMethodExecution]]>
    </line>
    <line>
      <![CDATA[About to begin executing following method : BaseEngine.beforeMethodExecution]]>
    </line>
    <line>
      <![CDATA[Completed executing following method : BaseEngine.beforeMethodExecution]]>
    </line>
    <line>
      <![CDATA[About to begin executing following method : RulesTest.checkStockLedgerReportImportingHeaderAndFooterLayout]]>
    </line>
    <line>
      <![CDATA[Completed executing following method : RulesTest.checkStockLedgerReportImportingHeaderAndFooterLayout]]>
    </line>
    <line>
      <![CDATA[Test Method resides in com.focus.testcases.RulesTest]]>
    </line>
    <line>
      <![CDATA[Test Status: Pass]]>
    </line>
    <line>
      <![CDATA[About to begin executing following method : BaseEngine.afterMethodExecution]]>
    </line>
    <line>
      <![CDATA[Completed executing following method : BaseEngine.afterMethodExecution]]>
    </line>
    <line>
      <![CDATA[About to begin executing following method : BaseEngine.beforeMethodExecution]]>
    </line>
    <line>
      <![CDATA[Completed executing following method : BaseEngine.beforeMethodExecution]]>
    </line>
    <line>
      <![CDATA[About to begin executing following method : RulesTest.checkPrintPDFFileAfterImportingHeaderAndFooterLayoutInStockLedgerReport]]>
    </line>
    <line>
      <![CDATA[Completed executing following method : RulesTest.checkPrintPDFFileAfterImportingHeaderAndFooterLayoutInStockLedgerReport]]>
    </line>
    <line>
      <![CDATA[Test Method resides in com.focus.testcases.RulesTest]]>
    </line>
    <line>
      <![CDATA[Test Status: Failed]]>
    </line>
    <line>
      <![CDATA[About to begin executing following method : BaseEngine.afterMethodExecution]]>
    </line>
    <line>
      <![CDATA[Completed executing following method : BaseEngine.afterMethodExecution]]>
    </line>
    <line>
      <![CDATA[About to begin executing following method : BaseEngine.generateReports]]>
    </line>
    <line>
      <![CDATA[Completed executing following method : BaseEngine.generateReports]]>
    </line>
    <line>
      <![CDATA[Completed executing test Test]]>
    </line>
    <line>
      <![CDATA[About to begin executing following method : BaseEngine.closeBrowser]]>
    </line>
    <line>
      <![CDATA[Completed executing following method : BaseEngine.closeBrowser]]>
    </line>
  </reporter-output>
  <suite name="Suite" duration-ms="1754285" started-at="2023-01-04T07:35:07Z" finished-at="2023-01-04T08:04:22Z">
    <groups>
    </groups>
    <test name="Test" duration-ms="1754285" started-at="2023-01-04T07:35:07Z" finished-at="2023-01-04T08:04:22Z">
      <class name="com.focus.testcases.LoginPageTest">
        <test-method status="PASS" signature="beforeMethodExecution(java.lang.reflect.Method)[pri:0, instance:com.focus.testcases.LoginPageTest@6e0e048a]" name="beforeMethodExecution" is-config="true" duration-ms="0" started-at="2023-01-04T13:05:21Z" finished-at="2023-01-04T13:05:21Z">
          <params>
            <param index="0">
              <value>
                <![CDATA[public void com.focus.testcases.LoginPageTest.checkLoginPageAvailablityOfFields() throws org.apache.poi.EncryptedDocumentException,org.apache.poi.openxml4j.exceptions.InvalidFormatException,java.io.IOException,java.lang.InterruptedException]]>
              </value>
            </param>
          </params>
          <reporter-output>
            <line>
              <![CDATA[Completed executing following method : BaseEngine.beforeMethodExecution]]>
            </line>
          </reporter-output>
        </test-method> <!-- beforeMethodExecution -->
        <test-method status="PASS" signature="checkLoginPageAvailablityOfFields()[pri:3, instance:com.focus.testcases.LoginPageTest@6e0e048a]" name="checkLoginPageAvailablityOfFields" duration-ms="798" started-at="2023-01-04T13:05:21Z" finished-at="2023-01-04T13:05:22Z">
          <reporter-output>
            <line>
              <![CDATA[Completed executing following method : LoginPageTest.checkLoginPageAvailablityOfFields]]>
            </line>
            <line>
              <![CDATA[Test Method resides in com.focus.testcases.LoginPageTest]]>
            </line>
            <line>
              <![CDATA[Test Status: Pass]]>
            </line>
            <line>
              <![CDATA[About to begin executing following method : BaseEngine.afterMethodExecution]]>
            </line>
          </reporter-output>
        </test-method> <!-- checkLoginPageAvailablityOfFields -->
        <test-method status="PASS" signature="afterMethodExecution(org.testng.ITestResult)[pri:0, instance:com.focus.testcases.LoginPageTest@6e0e048a]" name="afterMethodExecution" is-config="true" duration-ms="1" started-at="2023-01-04T13:05:22Z" finished-at="2023-01-04T13:05:22Z">
          <params>
            <param index="0">
              <value>
                <![CDATA[[TestResult name=checkLoginPageAvailablityOfFields status=SUCCESS method=LoginPageTest.checkLoginPageAvailablityOfFields()[pri:3, instance:com.focus.testcases.LoginPageTest@6e0e048a] output=Completed executing following method : LoginPageTest.checkLoginPageAvailablityOfFields]]]>
              </value>
            </param>
          </params>
          <reporter-output>
            <line>
              <![CDATA[Completed executing following method : BaseEngine.afterMethodExecution]]>
            </line>
          </reporter-output>
        </test-method> <!-- afterMethodExecution -->
        <test-method status="PASS" signature="checkCompanyTextDisplayInCompanyListDropdown()[pri:4, instance:com.focus.testcases.LoginPageTest@6e0e048a]" name="checkCompanyTextDisplayInCompanyListDropdown" duration-ms="71" started-at="2023-01-04T13:05:22Z" finished-at="2023-01-04T13:05:22Z">
          <reporter-output>
            <line>
              <![CDATA[Completed executing following method : LoginPageTest.checkCompanyTextDisplayInCompanyListDropdown]]>
            </line>
            <line>
              <![CDATA[Test Method resides in com.focus.testcases.LoginPageTest]]>
            </line>
            <line>
              <![CDATA[Test Status: Pass]]>
            </line>
            <line>
              <![CDATA[About to begin executing following method : BaseEngine.afterMethodExecution]]>
            </line>
          </reporter-output>
        </test-method> <!-- checkCompanyTextDisplayInCompanyListDropdown -->
        <test-method status="PASS" signature="beforeMethodExecution(java.lang.reflect.Method)[pri:0, instance:com.focus.testcases.LoginPageTest@6e0e048a]" name="beforeMethodExecution" is-config="true" duration-ms="0" started-at="2023-01-04T13:05:22Z" finished-at="2023-01-04T13:05:22Z">
          <params>
            <param index="0">
              <value>
                <![CDATA[public void com.focus.testcases.LoginPageTest.checkCompanyTextDisplayInCompanyListDropdown() throws org.apache.poi.EncryptedDocumentException,org.apache.poi.openxml4j.exceptions.InvalidFormatException,java.io.IOException,java.lang.InterruptedException]]>
              </value>
            </param>
          </params>
          <reporter-output>
            <line>
              <![CDATA[Completed executing following method : BaseEngine.beforeMethodExecution]]>
            </line>
          </reporter-output>
        </test-method> <!-- beforeMethodExecution -->
        <test-method status="PASS" signature="afterMethodExecution(org.testng.ITestResult)[pri:0, instance:com.focus.testcases.LoginPageTest@6e0e048a]" name="afterMethodExecution" is-config="true" duration-ms="1" started-at="2023-01-04T13:05:22Z" finished-at="2023-01-04T13:05:22Z">
          <params>
            <param index="0">
              <value>
                <![CDATA[[TestResult name=checkCompanyTextDisplayInCompanyListDropdown status=SUCCESS method=LoginPageTest.checkCompanyTextDisplayInCompanyListDropdown()[pri:4, instance:com.focus.testcases.LoginPageTest@6e0e048a] output=Completed executing following method : LoginPageTest.checkCompanyTextDisplayInCompanyListDropdown]]]>
              </value>
            </param>
          </params>
          <reporter-output>
            <line>
              <![CDATA[Completed executing following method : BaseEngine.afterMethodExecution]]>
            </line>
          </reporter-output>
        </test-method> <!-- afterMethodExecution -->
        <test-method status="PASS" signature="checkSignInBtnWithValidUserNameAndValidPassword()[pri:5, instance:com.focus.testcases.LoginPageTest@6e0e048a]" name="checkSignInBtnWithValidUserNameAndValidPassword" duration-ms="8737" started-at="2023-01-04T13:05:22Z" finished-at="2023-01-04T13:05:31Z">
          <reporter-output>
            <line>
              <![CDATA[Completed executing following method : LoginPageTest.checkSignInBtnWithValidUserNameAndValidPassword]]>
            </line>
            <line>
              <![CDATA[Test Method resides in com.focus.testcases.LoginPageTest]]>
            </line>
            <line>
              <![CDATA[Test Status: Pass]]>
            </line>
            <line>
              <![CDATA[About to begin executing following method : BaseEngine.afterMethodExecution]]>
            </line>
          </reporter-output>
        </test-method> <!-- checkSignInBtnWithValidUserNameAndValidPassword -->
        <test-method status="PASS" signature="beforeMethodExecution(java.lang.reflect.Method)[pri:0, instance:com.focus.testcases.LoginPageTest@6e0e048a]" name="beforeMethodExecution" is-config="true" duration-ms="0" started-at="2023-01-04T13:05:22Z" finished-at="2023-01-04T13:05:22Z">
          <params>
            <param index="0">
              <value>
                <![CDATA[public void com.focus.testcases.LoginPageTest.checkSignInBtnWithValidUserNameAndValidPassword() throws org.apache.poi.EncryptedDocumentException,org.apache.poi.openxml4j.exceptions.InvalidFormatException,java.io.IOException,java.lang.InterruptedException]]>
              </value>
            </param>
          </params>
          <reporter-output>
            <line>
              <![CDATA[Completed executing following method : BaseEngine.beforeMethodExecution]]>
            </line>
          </reporter-output>
        </test-method> <!-- beforeMethodExecution -->
        <test-method status="PASS" signature="afterMethodExecution(org.testng.ITestResult)[pri:0, instance:com.focus.testcases.LoginPageTest@6e0e048a]" name="afterMethodExecution" is-config="true" duration-ms="0" started-at="2023-01-04T13:05:31Z" finished-at="2023-01-04T13:05:31Z">
          <params>
            <param index="0">
              <value>
                <![CDATA[[TestResult name=checkSignInBtnWithValidUserNameAndValidPassword status=SUCCESS method=LoginPageTest.checkSignInBtnWithValidUserNameAndValidPassword()[pri:5, instance:com.focus.testcases.LoginPageTest@6e0e048a] output=Completed executing following method : LoginPageTest.checkSignInBtnWithValidUserNameAndValidPassword]]]>
              </value>
            </param>
          </params>
          <reporter-output>
            <line>
              <![CDATA[Completed executing following method : BaseEngine.afterMethodExecution]]>
            </line>
          </reporter-output>
        </test-method> <!-- afterMethodExecution -->
        <test-method status="PASS" signature="checkUserNameInfoInHomePage()[pri:6, instance:com.focus.testcases.LoginPageTest@6e0e048a]" name="checkUserNameInfoInHomePage" duration-ms="327" started-at="2023-01-04T13:05:31Z" finished-at="2023-01-04T13:05:31Z">
          <reporter-output>
            <line>
              <![CDATA[Completed executing following method : LoginPageTest.checkUserNameInfoInHomePage]]>
            </line>
            <line>
              <![CDATA[Test Method resides in com.focus.testcases.LoginPageTest]]>
            </line>
            <line>
              <![CDATA[Test Status: Pass]]>
            </line>
            <line>
              <![CDATA[About to begin executing following method : BaseEngine.afterMethodExecution]]>
            </line>
          </reporter-output>
        </test-method> <!-- checkUserNameInfoInHomePage -->
        <test-method status="PASS" signature="beforeMethodExecution(java.lang.reflect.Method)[pri:0, instance:com.focus.testcases.LoginPageTest@6e0e048a]" name="beforeMethodExecution" is-config="true" duration-ms="0" started-at="2023-01-04T13:05:31Z" finished-at="2023-01-04T13:05:31Z">
          <params>
            <param index="0">
              <value>
                <![CDATA[public void com.focus.testcases.LoginPageTest.checkUserNameInfoInHomePage() throws org.apache.poi.EncryptedDocumentException,org.apache.poi.openxml4j.exceptions.InvalidFormatException,java.io.IOException,java.lang.InterruptedException]]>
              </value>
            </param>
          </params>
          <reporter-output>
            <line>
              <![CDATA[Completed executing following method : BaseEngine.beforeMethodExecution]]>
            </line>
          </reporter-output>
        </test-method> <!-- beforeMethodExecution -->
        <test-method status="PASS" signature="afterMethodExecution(org.testng.ITestResult)[pri:0, instance:com.focus.testcases.LoginPageTest@6e0e048a]" name="afterMethodExecution" is-config="true" duration-ms="0" started-at="2023-01-04T13:05:31Z" finished-at="2023-01-04T13:05:31Z">
          <params>
            <param index="0">
              <value>
                <![CDATA[[TestResult name=checkUserNameInfoInHomePage status=SUCCESS method=LoginPageTest.checkUserNameInfoInHomePage()[pri:6, instance:com.focus.testcases.LoginPageTest@6e0e048a] output=Completed executing following method : LoginPageTest.checkUserNameInfoInHomePage]]]>
              </value>
            </param>
          </params>
          <reporter-output>
            <line>
              <![CDATA[Completed executing following method : BaseEngine.afterMethodExecution]]>
            </line>
          </reporter-output>
        </test-method> <!-- afterMethodExecution -->
      </class> <!-- com.focus.testcases.LoginPageTest -->
      <class name="com.focus.testcases.URLBrowserTest">
        <test-method status="PASS" signature="openBrowser(java.lang.String)[pri:0, instance:com.focus.testcases.URLBrowserTest@5b87ed94]" name="openBrowser" is-config="true" duration-ms="5260" started-at="2023-01-04T13:05:02Z" finished-at="2023-01-04T13:05:07Z">
          <params>
            <param index="0">
              <value>
                <![CDATA[chrome]]>
              </value>
            </param>
          </params>
          <reporter-output>
            <line>
              <![CDATA[Completed executing following method : BaseEngine.openBrowser]]>
            </line>
          </reporter-output>
        </test-method> <!-- openBrowser -->
        <test-method status="PASS" signature="intialiseReports()[pri:0, instance:com.focus.testcases.URLBrowserTest@5b87ed94]" name="intialiseReports" is-config="true" duration-ms="157" started-at="2023-01-04T13:05:07Z" finished-at="2023-01-04T13:05:07Z">
          <reporter-output>
            <line>
              <![CDATA[Completed executing following method : BaseEngine.intialiseReports]]>
            </line>
          </reporter-output>
        </test-method> <!-- intialiseReports -->
        <test-method status="PASS" signature="beforeMethodExecution(java.lang.reflect.Method)[pri:0, instance:com.focus.testcases.URLBrowserTest@5b87ed94]" name="beforeMethodExecution" is-config="true" duration-ms="3" started-at="2023-01-04T13:05:07Z" finished-at="2023-01-04T13:05:07Z">
          <params>
            <param index="0">
              <value>
                <![CDATA[public void com.focus.testcases.URLBrowserTest.verifyBrowserOpen() throws org.apache.poi.EncryptedDocumentException,org.apache.poi.openxml4j.exceptions.InvalidFormatException,java.io.IOException,java.lang.InterruptedException]]>
              </value>
            </param>
          </params>
          <reporter-output>
            <line>
              <![CDATA[Completed executing following method : BaseEngine.beforeMethodExecution]]>
            </line>
          </reporter-output>
        </test-method> <!-- beforeMethodExecution -->
        <test-method status="PASS" signature="verifyBrowserOpen()[pri:1, instance:com.focus.testcases.URLBrowserTest@5b87ed94]" name="verifyBrowserOpen" duration-ms="8368" started-at="2023-01-04T13:05:07Z" finished-at="2023-01-04T13:05:16Z">
          <reporter-output>
            <line>
              <![CDATA[Completed executing following method : URLBrowserTest.verifyBrowserOpen]]>
            </line>
            <line>
              <![CDATA[Test Method resides in com.focus.testcases.URLBrowserTest]]>
            </line>
            <line>
              <![CDATA[Test Status: Pass]]>
            </line>
            <line>
              <![CDATA[About to begin executing following method : BaseEngine.afterMethodExecution]]>
            </line>
          </reporter-output>
        </test-method> <!-- verifyBrowserOpen -->
        <test-method status="PASS" signature="afterMethodExecution(org.testng.ITestResult)[pri:0, instance:com.focus.testcases.URLBrowserTest@5b87ed94]" name="afterMethodExecution" is-config="true" duration-ms="1" started-at="2023-01-04T13:05:16Z" finished-at="2023-01-04T13:05:16Z">
          <params>
            <param index="0">
              <value>
                <![CDATA[[TestResult name=verifyBrowserOpen status=SUCCESS method=URLBrowserTest.verifyBrowserOpen()[pri:1, instance:com.focus.testcases.URLBrowserTest@5b87ed94] output=Completed executing following method : URLBrowserTest.verifyBrowserOpen]]]>
              </value>
            </param>
          </params>
          <reporter-output>
            <line>
              <![CDATA[Completed executing following method : BaseEngine.afterMethodExecution]]>
            </line>
          </reporter-output>
        </test-method> <!-- afterMethodExecution -->
        <test-method status="PASS" signature="beforeMethodExecution(java.lang.reflect.Method)[pri:0, instance:com.focus.testcases.URLBrowserTest@5b87ed94]" name="beforeMethodExecution" is-config="true" duration-ms="0" started-at="2023-01-04T13:05:16Z" finished-at="2023-01-04T13:05:16Z">
          <params>
            <param index="0">
              <value>
[...]
	at java.lang.reflect.Method.invoke(Unknown Source)
	at org.testng.internal.MethodInvocationHelper.invokeMethod(MethodInvocationHelper.java:86)
	at org.testng.internal.Invoker.invokeMethod(Invoker.java:643)
	at org.testng.internal.Invoker.invokeTestMethod(Invoker.java:820)
	at org.testng.internal.Invoker.invokeTestMethods(Invoker.java:1128)
	at org.testng.internal.TestMethodWorker.invokeTestMethods(TestMethodWorker.java:129)
	at org.testng.internal.TestMethodWorker.run(TestMethodWorker.java:112)
	at org.testng.TestRunner.privateRun(TestRunner.java:782)
	at org.testng.TestRunner.run(TestRunner.java:632)
	at org.testng.SuiteRunner.runTest(SuiteRunner.java:366)
	at org.testng.SuiteRunner.runSequentially(SuiteRunner.java:361)
	at org.testng.SuiteRunner.privateRun(SuiteRunner.java:319)
	at org.testng.SuiteRunner.run(SuiteRunner.java:268)
	at org.testng.SuiteRunnerWorker.runSuite(SuiteRunnerWorker.java:52)
	at org.testng.SuiteRunnerWorker.run(SuiteRunnerWorker.java:86)
	at org.testng.TestNG.runSuitesSequentially(TestNG.java:1244)
	at org.testng.TestNG.runSuitesLocally(TestNG.java:1169)
	at org.testng.TestNG.run(TestNG.java:1064)
	at org.testng.remote.AbstractRemoteTestNG.run(AbstractRemoteTestNG.java:114)
	at org.testng.remote.RemoteTestNG.initAndRun(RemoteTestNG.java:251)
	at org.testng.remote.RemoteTestNG.main(RemoteTestNG.java:77)
]]>
            </full-stacktrace>
          </exception> <!-- java.lang.AssertionError -->
          <reporter-output>
            <line>
              <![CDATA[Completed executing following method : RulesTest.checkSavingPurchaseVoucherVATWithRateGreaterThanAverageRateWithWarnAndAllow]]>
            </line>
            <line>
              <![CDATA[Test Method resides in com.focus.testcases.RulesTest]]>
            </line>
            <line>
              <![CDATA[Test Status: Failed]]>
            </line>
            <line>
              <![CDATA[About to begin executing following method : BaseEngine.afterMethodExecution]]>
            </line>
          </reporter-output>
        </test-method> <!-- checkSavingPurchaseVoucherVATWithRateGreaterThanAverageRateWithWarnAndAllow -->
        <test-method status="PASS" signature="afterMethodExecution(org.testng.ITestResult)[pri:0, instance:com.focus.testcases.RulesTest@47ef968d]" name="afterMethodExecution" is-config="true" duration-ms="129" started-at="2023-01-04T13:32:22Z" finished-at="2023-01-04T13:32:23Z">
          <params>
            <param index="0">
              <value>
                <![CDATA[[TestResult name=checkSavingPurchaseVoucherVATWithRateGreaterThanAverageRateWithWarnAndAllow status=FAILURE method=RulesTest.checkSavingPurchaseVoucherVATWithRateGreaterThanAverageRateWithWarnAndAllow()[pri:208, instance:com.focus.testcases.RulesTest@47ef968d] output=Completed executing following method : RulesTest.checkSavingPurchaseVoucherVATWithRateGreaterThanAverageRateWithWarnAndAllow]]]>
              </value>
            </param>
          </params>
          <reporter-output>
            <line>
              <![CDATA[Completed executing following method : BaseEngine.afterMethodExecution]]>
            </line>
          </reporter-output>
        </test-method> <!-- afterMethodExecution -->
        <test-method status="PASS" signature="checkAddingHeadeAndFooterInLedgerReport()[pri:300, instance:com.focus.testcases.RulesTest@47ef968d]" name="checkAddingHeadeAndFooterInLedgerReport" duration-ms="47218" started-at="2023-01-04T13:32:23Z" finished-at="2023-01-04T13:33:10Z">
          <reporter-output>
            <line>
              <![CDATA[Completed executing following method : RulesTest.checkAddingHeadeAndFooterInLedgerReport]]>
            </line>
            <line>
              <![CDATA[Test Method resides in com.focus.testcases.RulesTest]]>
            </line>
            <line>
              <![CDATA[Test Status: Pass]]>
            </line>
            <line>
              <![CDATA[About to begin executing following method : BaseEngine.afterMethodExecution]]>
            </line>
          </reporter-output>
        </test-method> <!-- checkAddingHeadeAndFooterInLedgerReport -->
        <test-method status="PASS" signature="beforeMethodExecution(java.lang.reflect.Method)[pri:0, instance:com.focus.testcases.RulesTest@47ef968d]" name="beforeMethodExecution" is-config="true" duration-ms="0" started-at="2023-01-04T13:32:23Z" finished-at="2023-01-04T13:32:23Z">
          <params>
            <param index="0">
              <value>
                <![CDATA[public void com.focus.testcases.RulesTest.checkAddingHeadeAndFooterInLedgerReport() throws org.apache.poi.EncryptedDocumentException,org.apache.poi.openxml4j.exceptions.InvalidFormatException,java.io.IOException,java.lang.InterruptedException]]>
              </value>
            </param>
          </params>
          <reporter-output>
            <line>
              <![CDATA[Completed executing following method : BaseEngine.beforeMethodExecution]]>
            </line>
          </reporter-output>
        </test-method> <!-- beforeMethodExecution -->
        <test-method status="PASS" signature="beforeMethodExecution(java.lang.reflect.Method)[pri:0, instance:com.focus.testcases.RulesTest@47ef968d]" name="beforeMethodExecution" is-config="true" duration-ms="1" started-at="2023-01-04T13:33:10Z" finished-at="2023-01-04T13:33:10Z">
          <params>
            <param index="0">
              <value>
                <![CDATA[public void com.focus.testcases.RulesTest.checkPrintPDFFileAfterCreatingHeadeAndFooterLayoutInLedgerReport() throws org.apache.poi.EncryptedDocumentException,org.apache.poi.openxml4j.exceptions.InvalidFormatException,java.io.IOException,java.lang.InterruptedException,java.awt.AWTException]]>
              </value>
            </param>
          </params>
          <reporter-output>
            <line>
              <![CDATA[Completed executing following method : BaseEngine.beforeMethodExecution]]>
            </line>
          </reporter-output>
        </test-method> <!-- beforeMethodExecution -->
        <test-method status="PASS" signature="afterMethodExecution(org.testng.ITestResult)[pri:0, instance:com.focus.testcases.RulesTest@47ef968d]" name="afterMethodExecution" is-config="true" duration-ms="0" started-at="2023-01-04T13:33:10Z" finished-at="2023-01-04T13:33:10Z">
          <params>
            <param index="0">
              <value>
                <![CDATA[[TestResult name=checkAddingHeadeAndFooterInLedgerReport status=SUCCESS method=RulesTest.checkAddingHeadeAndFooterInLedgerReport()[pri:300, instance:com.focus.testcases.RulesTest@47ef968d] output=Completed executing following method : RulesTest.checkAddingHeadeAndFooterInLedgerReport]]]>
              </value>
            </param>
          </params>
          <reporter-output>
            <line>
              <![CDATA[Completed executing following method : BaseEngine.afterMethodExecution]]>
            </line>
          </reporter-output>
        </test-method> <!-- afterMethodExecution -->
        <test-method status="FAIL" signature="checkPrintPDFFileAfterCreatingHeadeAndFooterLayoutInLedgerReport()[pri:301, instance:com.focus.testcases.RulesTest@47ef968d]" name="checkPrintPDFFileAfterCreatingHeadeAndFooterLayoutInLedgerReport" duration-ms="15923" started-at="2023-01-04T13:33:10Z" finished-at="2023-01-04T13:33:26Z">
          <exception class="java.lang.AssertionError">
            <message>
              <![CDATA[expected [true] but found [false]]]>
            </message>
            <full-stacktrace>
              <![CDATA[java.lang.AssertionError: expected [true] but found [false]
	at org.testng.Assert.fail(Assert.java:94)
	at org.testng.Assert.failNotEquals(Assert.java:513)
	at org.testng.Assert.assertEqualsImpl(Assert.java:135)
	at org.testng.Assert.assertEquals(Assert.java:116)
	at org.testng.Assert.assertEquals(Assert.java:305)
	at org.testng.Assert.assertEquals(Assert.java:315)
	at com.focus.testcases.RulesTest.checkPrintPDFFileAfterCreatingHeadeAndFooterLayoutInLedgerReport(RulesTest.java:369)
	at sun.reflect.NativeMethodAccessorImpl.invoke0(Native Method)
	at sun.reflect.NativeMethodAccessorImpl.invoke(Unknown Source)
	at sun.reflect.DelegatingMethodAccessorImpl.invoke(Unknown Source)
	at java.lang.reflect.Method.invoke(Unknown Source)
	at org.testng.internal.MethodInvocationHelper.invokeMethod(MethodInvocationHelper.java:86)
	at org.testng.internal.Invoker.invokeMethod(Invoker.java:643)
	at org.testng.internal.Invoker.invokeTestMethod(Invoker.java:820)
	at org.testng.internal.Invoker.invokeTestMethods(Invoker.java:1128)
	at org.testng.internal.TestMethodWorker.invokeTestMethods(TestMethodWorker.java:129)
	at org.testng.internal.TestMethodWorker.run(TestMethodWorker.java:112)
	at org.testng.TestRunner.privateRun(TestRunner.java:782)
	at org.testng.TestRunner.run(TestRunner.java:632)
	at org.testng.SuiteRunner.runTest(SuiteRunner.java:366)
	at org.testng.SuiteRunner.runSequentially(SuiteRunner.java:361)
	at org.testng.SuiteRunner.privateRun(SuiteRunner.java:319)
	at org.testng.SuiteRunner.run(SuiteRunner.java:268)
	at org.testng.SuiteRunnerWorker.runSuite(SuiteRunnerWorker.java:52)
	at org.testng.SuiteRunnerWorker.run(SuiteRunnerWorker.java:86)
	at org.testng.TestNG.runSuitesSequentially(TestNG.java:1244)
	at org.testng.TestNG.runSuitesLocally(TestNG.java:1169)
	at org.testng.TestNG.run(TestNG.java:1064)
	at org.testng.remote.AbstractRemoteTestNG.run(AbstractRemoteTestNG.java:114)
	at org.testng.remote.RemoteTestNG.initAndRun(RemoteTestNG.java:251)
	at org.testng.remote.RemoteTestNG.main(RemoteTestNG.java:77)
]]>
            </full-stacktrace>
          </exception> <!-- java.lang.AssertionError -->
          <reporter-output>
            <line>
              <![CDATA[Completed executing following method : RulesTest.checkPrintPDFFileAfterCreatingHeadeAndFooterLayoutInLedgerReport]]>
            </line>
            <line>
              <![CDATA[Test Method resides in com.focus.testcases.RulesTest]]>
            </line>
            <line>
              <![CDATA[Test Status: Failed]]>
            </line>
            <line>
              <![CDATA[About to begin executing following method : BaseEngine.afterMethodExecution]]>
            </line>
          </reporter-output>
        </test-method> <!-- checkPrintPDFFileAfterCreatingHeadeAndFooterLayoutInLedgerReport -->
        <test-method status="PASS" signature="afterMethodExecution(org.testng.ITestResult)[pri:0, instance:com.focus.testcases.RulesTest@47ef968d]" name="afterMethodExecution" is-config="true" duration-ms="118" started-at="2023-01-04T13:33:26Z" finished-at="2023-01-04T13:33:26Z">
          <params>
            <param index="0">
              <value>
                <![CDATA[[TestResult name=checkPrintPDFFileAfterCreatingHeadeAndFooterLayoutInLedgerReport status=FAILURE method=RulesTest.checkPrintPDFFileAfterCreatingHeadeAndFooterLayoutInLedgerReport()[pri:301, instance:com.focus.testcases.RulesTest@47ef968d] output=Completed executing following method : RulesTest.checkPrintPDFFileAfterCreatingHeadeAndFooterLayoutInLedgerReport]]]>
              </value>
            </param>
          </params>
          <reporter-output>
            <line>
              <![CDATA[Completed executing following method : BaseEngine.afterMethodExecution]]>
            </line>
          </reporter-output>
        </test-method> <!-- afterMethodExecution -->
        <test-method status="PASS" signature="beforeMethodExecution(java.lang.reflect.Method)[pri:0, instance:com.focus.testcases.RulesTest@47ef968d]" name="beforeMethodExecution" is-config="true" duration-ms="0" started-at="2023-01-04T13:33:26Z" finished-at="2023-01-04T13:33:26Z">
          <params>
            <param index="0">
              <value>
                <![CDATA[public void com.focus.testcases.RulesTest.checkStockLedgerReportImportingHeaderAndFooterLayout() throws org.apache.poi.EncryptedDocumentException,org.apache.poi.openxml4j.exceptions.InvalidFormatException,java.io.IOException,java.lang.InterruptedException,java.awt.AWTException]]>
              </value>
            </param>
          </params>
          <reporter-output>
            <line>
              <![CDATA[Completed executing following method : BaseEngine.beforeMethodExecution]]>
            </line>
          </reporter-output>
        </test-method> <!-- beforeMethodExecution -->
        <test-method status="PASS" signature="checkStockLedgerReportImportingHeaderAndFooterLayout()[pri:302, instance:com.focus.testcases.RulesTest@47ef968d]" name="checkStockLedgerReportImportingHeaderAndFooterLayout" duration-ms="40010" started-at="2023-01-04T13:33:26Z" finished-at="2023-01-04T13:34:06Z">
          <reporter-output>
            <line>
              <![CDATA[Completed executing following method : RulesTest.checkStockLedgerReportImportingHeaderAndFooterLayout]]>
            </line>
            <line>
              <![CDATA[Test Method resides in com.focus.testcases.RulesTest]]>
            </line>
            <line>
              <![CDATA[Test Status: Pass]]>
            </line>
            <line>
              <![CDATA[About to begin executing following method : BaseEngine.afterMethodExecution]]>
            </line>
          </reporter-output>
        </test-method> <!-- checkStockLedgerReportImportingHeaderAndFooterLayout -->
        <test-method status="PASS" signature="afterMethodExecution(org.testng.ITestResult)[pri:0, instance:com.focus.testcases.RulesTest@47ef968d]" name="afterMethodExecution" is-config="true" duration-ms="0" started-at="2023-01-04T13:34:06Z" finished-at="2023-01-04T13:34:06Z">
          <params>
            <param index="0">
              <value>
                <![CDATA[[TestResult name=checkStockLedgerReportImportingHeaderAndFooterLayout status=SUCCESS method=RulesTest.checkStockLedgerReportImportingHeaderAndFooterLayout()[pri:302, instance:com.focus.testcases.RulesTest@47ef968d] output=Completed executing following method : RulesTest.checkStockLedgerReportImportingHeaderAndFooterLayout]]]>
              </value>
            </param>
          </params>
          <reporter-output>
            <line>
              <![CDATA[Completed executing following method : BaseEngine.afterMethodExecution]]>
            </line>
          </reporter-output>
        </test-method> <!-- afterMethodExecution -->
        <test-method status="PASS" signature="beforeMethodExecution(java.lang.reflect.Method)[pri:0, instance:com.focus.testcases.RulesTest@47ef968d]" name="beforeMethodExecution" is-config="true" duration-ms="1" started-at="2023-01-04T13:34:06Z" finished-at="2023-01-04T13:34:06Z">
          <params>
            <param index="0">
              <value>
                <![CDATA[public void com.focus.testcases.RulesTest.checkPrintPDFFileAfterImportingHeaderAndFooterLayoutInStockLedgerReport() throws org.apache.poi.EncryptedDocumentException,org.apache.poi.openxml4j.exceptions.InvalidFormatException,java.io.IOException,java.lang.InterruptedException,java.awt.AWTException]]>
              </value>
            </param>
          </params>
          <reporter-output>
            <line>
              <![CDATA[Completed executing following method : BaseEngine.beforeMethodExecution]]>
            </line>
          </reporter-output>
        </test-method> <!-- beforeMethodExecution -->
        <test-method status="FAIL" signature="checkPrintPDFFileAfterImportingHeaderAndFooterLayoutInStockLedgerReport()[pri:303, instance:com.focus.testcases.RulesTest@47ef968d]" name="checkPrintPDFFileAfterImportingHeaderAndFooterLayoutInStockLedgerReport" duration-ms="15399" started-at="2023-01-04T13:34:06Z" finished-at="2023-01-04T13:34:21Z">
          <exception class="java.lang.AssertionError">
            <message>
              <![CDATA[expected [true] but found [false]]]>
            </message>
            <full-stacktrace>
              <![CDATA[java.lang.AssertionError: expected [true] but found [false]
	at org.testng.Assert.fail(Assert.java:94)
	at org.testng.Assert.failNotEquals(Assert.java:513)
	at org.testng.Assert.assertEqualsImpl(Assert.java:135)
	at org.testng.Assert.assertEquals(Assert.java:116)
	at org.testng.Assert.assertEquals(Assert.java:305)
	at org.testng.Assert.assertEquals(Assert.java:315)
	at com.focus.testcases.RulesTest.checkPrintPDFFileAfterImportingHeaderAndFooterLayoutInStockLedgerReport(RulesTest.java:383)
	at sun.reflect.NativeMethodAccessorImpl.invoke0(Native Method)
	at sun.reflect.NativeMethodAccessorImpl.invoke(Unknown Source)
	at sun.reflect.DelegatingMethodAccessorImpl.invoke(Unknown Source)
	at java.lang.reflect.Method.invoke(Unknown Source)
	at org.testng.internal.MethodInvocationHelper.invokeMethod(MethodInvocationHelper.java:86)
	at org.testng.internal.Invoker.invokeMethod(Invoker.java:643)
	at org.testng.internal.Invoker.invokeTestMethod(Invoker.java:820)
	at org.testng.internal.Invoker.invokeTestMethods(Invoker.java:1128)
	at org.testng.internal.TestMethodWorker.invokeTestMethods(TestMethodWorker.java:129)
	at org.testng.internal.TestMethodWorker.run(TestMethodWorker.java:112)
	at org.testng.TestRunner.privateRun(TestRunner.java:782)
	at org.testng.TestRunner.run(TestRunner.java:632)
	at org.testng.SuiteRunner.runTest(SuiteRunner.java:366)
	at org.testng.SuiteRunner.runSequentially(SuiteRunner.java:361)
	at org.testng.SuiteRunner.privateRun(SuiteRunner.java:319)
	at org.testng.SuiteRunner.run(SuiteRunner.java:268)
	at org.testng.SuiteRunnerWorker.runSuite(SuiteRunnerWorker.java:52)
	at org.testng.SuiteRunnerWorker.run(SuiteRunnerWorker.java:86)
	at org.testng.TestNG.runSuitesSequentially(TestNG.java:1244)
	at org.testng.TestNG.runSuitesLocally(TestNG.java:1169)
	at org.testng.TestNG.run(TestNG.java:1064)
	at org.testng.remote.AbstractRemoteTestNG.run(AbstractRemoteTestNG.java:114)
	at org.testng.remote.RemoteTestNG.initAndRun(RemoteTestNG.java:251)
	at org.testng.remote.RemoteTestNG.main(RemoteTestNG.java:77)
]]>
            </full-stacktrace>
          </exception> <!-- java.lang.AssertionError -->
          <reporter-output>
            <line>
              <![CDATA[Completed executing following method : RulesTest.checkPrintPDFFileAfterImportingHeaderAndFooterLayoutInStockLedgerReport]]>
            </line>
            <line>
              <![CDATA[Test Method resides in com.focus.testcases.RulesTest]]>
            </line>
            <line>
              <![CDATA[Test Status: Failed]]>
            </line>
            <line>
              <![CDATA[About to begin executing following method : BaseEngine.afterMethodExecution]]>
            </line>
          </reporter-output>
        </test-method> <!-- checkPrintPDFFileAfterImportingHeaderAndFooterLayoutInStockLedgerReport -->
        <test-method status="PASS" signature="afterMethodExecution(org.testng.ITestResult)[pri:0, instance:com.focus.testcases.RulesTest@47ef968d]" name="afterMethodExecution" is-config="true" duration-ms="118" started-at="2023-01-04T13:34:21Z" finished-at="2023-01-04T13:34:21Z">
          <params>
            <param index="0">
              <value>
                <![CDATA[[TestResult name=checkPrintPDFFileAfterImportingHeaderAndFooterLayoutInStockLedgerReport status=FAILURE method=RulesTest.checkPrintPDFFileAfterImportingHeaderAndFooterLayoutInStockLedgerReport()[pri:303, instance:com.focus.testcases.RulesTest@47ef968d] output=Completed executing following method : RulesTest.checkPrintPDFFileAfterImportingHeaderAndFooterLayoutInStockLedgerReport]]]>
              </value>
            </param>
          </params>
          <reporter-output>
            <line>
              <![CDATA[Completed executing following method : BaseEngine.afterMethodExecution]]>
            </line>
          </reporter-output>
        </test-method> <!-- afterMethodExecution -->
      </class> <!-- com.focus.testcases.RulesTest -->
    </test> <!-- Test -->
  </suite> <!-- Suite -->
</testng-results>
